2022-05-26 21:05:14,658 INFO o.a.j.u.JMeterUtils: Setting Locale to en_EN
2022-05-26 21:05:14,674 INFO o.a.j.JMeter: Loading user properties from: user.properties
2022-05-26 21:05:14,674 INFO o.a.j.JMeter: Loading system properties from: system.properties
2022-05-26 21:05:14,682 INFO o.a.j.JMeter: Copyright (c) 1998-2021 The Apache Software Foundation
2022-05-26 21:05:14,682 INFO o.a.j.JMeter: Version 5.4.3
2022-05-26 21:05:14,682 INFO o.a.j.JMeter: java.version=1.8.0_332
2022-05-26 21:05:14,682 INFO o.a.j.JMeter: java.vm.name=OpenJDK 64-Bit Server VM
2022-05-26 21:05:14,682 INFO o.a.j.JMeter: os.name=Mac OS X
2022-05-26 21:05:14,682 INFO o.a.j.JMeter: os.arch=x86_64
2022-05-26 21:05:14,682 INFO o.a.j.JMeter: os.version=12.3.1
2022-05-26 21:05:14,682 INFO o.a.j.JMeter: file.encoding=UTF-8
2022-05-26 21:05:14,683 INFO o.a.j.JMeter: java.awt.headless=true
2022-05-26 21:05:14,683 INFO o.a.j.JMeter: Max memory     =1073741824
2022-05-26 21:05:14,683 INFO o.a.j.JMeter: Available Processors =8
2022-05-26 21:05:14,687 INFO o.a.j.JMeter: Default Locale=English (EN)
2022-05-26 21:05:14,688 INFO o.a.j.JMeter: JMeter  Locale=English (EN)
2022-05-26 21:05:14,688 INFO o.a.j.JMeter: JMeterHome=/Users/romansharapov/Downloads/apache-jmeter-5.4.3
2022-05-26 21:05:14,688 INFO o.a.j.JMeter: user.dir  =/Users/romansharapov/Downloads/apache-jmeter-5.4.3/bin
2022-05-26 21:05:14,688 INFO o.a.j.JMeter: PWD       =/Users/romansharapov/Downloads/apache-jmeter-5.4.3/bin
2022-05-26 21:05:14,689 INFO o.a.j.JMeter: IP: 127.0.0.1 Name: Romans-MacBook-Pro.local FullName: localhost
2022-05-26 21:05:14,694 INFO o.a.j.s.FileServer: Default base='/Users/romansharapov/Downloads/apache-jmeter-5.4.3/bin'
2022-05-26 21:05:14,695 INFO o.a.j.s.FileServer: Set new base='/Users/romansharapov/Downloads/apache-jmeter-5.4.3/bin/../../../school/M1-2Sem/SoftwareQuality/softwareQualityWebsite/jmeter'
2022-05-26 21:05:14,808 INFO o.a.j.s.SaveService: Testplan (JMX) version: 2.2. Testlog (JTL) version: 2.2
2022-05-26 21:05:14,827 INFO o.a.j.s.SaveService: Using SaveService properties file encoding UTF-8
2022-05-26 21:05:14,832 INFO o.a.j.s.SaveService: Using SaveService properties version 5.0
2022-05-26 21:05:14,840 INFO o.a.j.s.SaveService: Loading file: ../../../school/M1-2Sem/SoftwareQuality/softwareQualityWebsite/jmeter/Access_to_landing_page.jmx
2022-05-26 21:05:14,884 INFO o.a.j.p.h.s.HTTPSamplerBase: Parser for text/html is org.apache.jmeter.protocol.http.parser.LagartoBasedHtmlParser
2022-05-26 21:05:14,885 INFO o.a.j.p.h.s.HTTPSamplerBase: Parser for application/xhtml+xml is org.apache.jmeter.protocol.http.parser.LagartoBasedHtmlParser
2022-05-26 21:05:14,885 INFO o.a.j.p.h.s.HTTPSamplerBase: Parser for application/xml is org.apache.jmeter.protocol.http.parser.LagartoBasedHtmlParser
2022-05-26 21:05:14,885 INFO o.a.j.p.h.s.HTTPSamplerBase: Parser for text/xml is org.apache.jmeter.protocol.http.parser.LagartoBasedHtmlParser
2022-05-26 21:05:14,885 INFO o.a.j.p.h.s.HTTPSamplerBase: Parser for text/vnd.wap.wml is org.apache.jmeter.protocol.http.parser.RegexpHTMLParser
2022-05-26 21:05:14,885 INFO o.a.j.p.h.s.HTTPSamplerBase: Parser for text/css is org.apache.jmeter.protocol.http.parser.CssParser
2022-05-26 21:05:14,907 INFO o.a.j.JMeter: Creating summariser <summary>
2022-05-26 21:05:14,912 INFO o.a.j.e.StandardJMeterEngine: Running the test!
2022-05-26 21:05:14,912 INFO o.a.j.s.SampleEvent: List of sample_variables: []
2022-05-26 21:05:14,913 INFO o.a.j.s.SampleEvent: List of sample_variables: []
2022-05-26 21:05:14,926 INFO o.a.j.e.u.CompoundVariable: Note: Function class names must contain the string: '.functions.'
2022-05-26 21:05:14,926 INFO o.a.j.e.u.CompoundVariable: Note: Function class names must not contain the string: '.gui.'
2022-05-26 21:05:15,193 INFO o.a.j.JMeter: Running test (1653595515193)
2022-05-26 21:05:15,222 INFO o.a.j.e.StandardJMeterEngine: Starting ThreadGroup: 1 : Thread Group
2022-05-26 21:05:15,222 INFO o.a.j.e.StandardJMeterEngine: Starting 300 threads for group Thread Group.
2022-05-26 21:05:15,222 INFO o.a.j.e.StandardJMeterEngine: Thread will continue on error
2022-05-26 21:05:15,223 INFO o.a.j.t.ThreadGroup: Starting thread group... number=1 threads=300 ramp-up=5 delayedStart=false
2022-05-26 21:05:15,228 INFO o.a.j.t.JMeterThread: Thread started: Thread Group 1-1
2022-05-26 21:05:15,244 INFO o.a.j.t.JMeterThread: Thread started: Thread Group 1-2
2022-05-26 21:05:15,247 INFO o.a.j.p.h.s.HTTPHCAbstractImpl: Local host = Romans-MacBook-Pro.local
2022-05-26 21:05:15,255 INFO o.a.j.p.h.s.HTTPHC4Impl: HTTP request retry count = 0
2022-05-26 21:05:15,257 INFO o.a.j.s.SampleResult: Note: Sample TimeStamps are START times
2022-05-26 21:05:15,257 INFO o.a.j.s.SampleResult: sampleresult.default.encoding is set to ISO-8859-1
2022-05-26 21:05:15,257 INFO o.a.j.s.SampleResult: sampleresult.useNanoTime=true
2022-05-26 21:05:15,257 INFO o.a.j.s.SampleResult: sampleresult.nanoThreadSleep=5000
2022-05-26 21:05:15,262 INFO o.a.j.t.JMeterThread: Thread started: Thread Group 1-3
2022-05-26 21:05:15,280 INFO o.a.j.t.JMeterThread: Thread started: Thread Group 1-4
2022-05-26 21:05:15,290 INFO o.a.j.t.ThreadGroup: Started thread group number 1
2022-05-26 21:05:15,291 INFO o.a.j.e.StandardJMeterEngine: All thread groups have been started
2022-05-26 21:05:15,297 INFO o.a.j.t.JMeterThread: Thread started: Thread Group 1-5
2022-05-26 21:05:15,313 INFO o.a.j.t.JMeterThread: Thread started: Thread Group 1-6
2022-05-26 21:05:15,330 INFO o.a.j.t.JMeterThread: Thread started: Thread Group 1-7
2022-05-26 21:05:15,347 INFO o.a.j.t.JMeterThread: Thread started: Thread Group 1-8
2022-05-26 21:05:15,364 INFO o.a.j.t.JMeterThread: Thread started: Thread Group 1-9
2022-05-26 21:05:15,380 INFO o.a.j.t.JMeterThread: Thread started: Thread Group 1-10
2022-05-26 21:05:15,397 INFO o.a.j.t.JMeterThread: Thread started: Thread Group 1-11
2022-05-26 21:05:15,415 INFO o.a.j.t.JMeterThread: Thread started: Thread Group 1-12
2022-05-26 21:05:15,432 INFO o.a.j.t.JMeterThread: Thread started: Thread Group 1-13
2022-05-26 21:05:15,450 INFO o.a.j.t.JMeterThread: Thread started: Thread Group 1-14
2022-05-26 21:05:15,465 INFO o.a.j.t.JMeterThread: Thread started: Thread Group 1-15
2022-05-26 21:05:15,483 INFO o.a.j.t.JMeterThread: Thread started: Thread Group 1-16
2022-05-26 21:05:15,500 INFO o.a.j.t.JMeterThread: Thread started: Thread Group 1-17
2022-05-26 21:05:15,517 INFO o.a.j.t.JMeterThread: Thread started: Thread Group 1-18
2022-05-26 21:05:15,533 INFO o.a.j.t.JMeterThread: Thread started: Thread Group 1-19
2022-05-26 21:05:15,548 INFO o.a.j.t.JMeterThread: Thread started: Thread Group 1-20
2022-05-26 21:05:15,567 INFO o.a.j.t.JMeterThread: Thread started: Thread Group 1-21
2022-05-26 21:05:15,583 INFO o.a.j.t.JMeterThread: Thread started: Thread Group 1-22
2022-05-26 21:05:15,598 INFO o.a.j.t.JMeterThread: Thread is done: Thread Group 1-5
2022-05-26 21:05:15,598 INFO o.a.j.t.JMeterThread: Thread is done: Thread Group 1-2
2022-05-26 21:05:15,598 INFO o.a.j.t.JMeterThread: Thread finished: Thread Group 1-5
2022-05-26 21:05:15,598 INFO o.a.j.t.JMeterThread: Thread finished: Thread Group 1-2
2022-05-26 21:05:15,598 INFO o.a.j.t.JMeterThread: Thread is done: Thread Group 1-6
2022-05-26 21:05:15,599 INFO o.a.j.t.JMeterThread: Thread finished: Thread Group 1-6
2022-05-26 21:05:15,598 INFO o.a.j.t.JMeterThread: Thread is done: Thread Group 1-1
2022-05-26 21:05:15,598 INFO o.a.j.t.JMeterThread: Thread is done: Thread Group 1-7
2022-05-26 21:05:15,598 INFO o.a.j.t.JMeterThread: Thread is done: Thread Group 1-4
2022-05-26 21:05:15,599 INFO o.a.j.t.JMeterThread: Thread finished: Thread Group 1-1
2022-05-26 21:05:15,599 INFO o.a.j.t.JMeterThread: Thread finished: Thread Group 1-7
2022-05-26 21:05:15,599 INFO o.a.j.t.JMeterThread: Thread finished: Thread Group 1-4
2022-05-26 21:05:15,599 INFO o.a.j.t.JMeterThread: Thread is done: Thread Group 1-10
2022-05-26 21:05:15,599 INFO o.a.j.t.JMeterThread: Thread finished: Thread Group 1-10
2022-05-26 21:05:15,600 INFO o.a.j.t.JMeterThread: Thread started: Thread Group 1-23
2022-05-26 21:05:15,600 INFO o.a.j.t.JMeterThread: Thread is done: Thread Group 1-9
2022-05-26 21:05:15,600 INFO o.a.j.t.JMeterThread: Thread finished: Thread Group 1-9
2022-05-26 21:05:15,602 INFO o.a.j.t.JMeterThread: Thread is done: Thread Group 1-8
2022-05-26 21:05:15,602 INFO o.a.j.t.JMeterThread: Thread is done: Thread Group 1-3
2022-05-26 21:05:15,602 INFO o.a.j.t.JMeterThread: Thread finished: Thread Group 1-8
2022-05-26 21:05:15,602 INFO o.a.j.t.JMeterThread: Thread finished: Thread Group 1-3
2022-05-26 21:05:15,608 INFO o.a.j.t.JMeterThread: Thread is done: Thread Group 1-11
2022-05-26 21:05:15,608 INFO o.a.j.t.JMeterThread: Thread finished: Thread Group 1-11
2022-05-26 21:05:15,619 INFO o.a.j.t.JMeterThread: Thread started: Thread Group 1-24
2022-05-26 21:05:15,631 INFO o.a.j.t.JMeterThread: Thread is done: Thread Group 1-12
2022-05-26 21:05:15,632 INFO o.a.j.t.JMeterThread: Thread finished: Thread Group 1-12
2022-05-26 21:05:15,637 INFO o.a.j.t.JMeterThread: Thread started: Thread Group 1-25
2022-05-26 21:05:15,648 INFO o.a.j.t.JMeterThread: Thread is done: Thread Group 1-13
2022-05-26 21:05:15,649 INFO o.a.j.t.JMeterThread: Thread finished: Thread Group 1-13
2022-05-26 21:05:15,650 INFO o.a.j.t.JMeterThread: Thread started: Thread Group 1-26
2022-05-26 21:05:15,666 INFO o.a.j.t.JMeterThread: Thread started: Thread Group 1-27
2022-05-26 21:05:15,674 INFO o.a.j.t.JMeterThread: Thread is done: Thread Group 1-14
2022-05-26 21:05:15,674 INFO o.a.j.t.JMeterThread: Thread finished: Thread Group 1-14
2022-05-26 21:05:15,683 INFO o.a.j.t.JMeterThread: Thread is done: Thread Group 1-15
2022-05-26 21:05:15,683 INFO o.a.j.t.JMeterThread: Thread finished: Thread Group 1-15
2022-05-26 21:05:15,686 INFO o.a.j.t.JMeterThread: Thread started: Thread Group 1-28
2022-05-26 21:05:15,700 INFO o.a.j.t.JMeterThread: Thread is done: Thread Group 1-16
2022-05-26 21:05:15,700 INFO o.a.j.t.JMeterThread: Thread finished: Thread Group 1-16
2022-05-26 21:05:15,704 INFO o.a.j.t.JMeterThread: Thread started: Thread Group 1-29
2022-05-26 21:05:15,721 INFO o.a.j.t.JMeterThread: Thread is done: Thread Group 1-17
2022-05-26 21:05:15,721 INFO o.a.j.t.JMeterThread: Thread finished: Thread Group 1-17
2022-05-26 21:05:15,722 INFO o.a.j.t.JMeterThread: Thread started: Thread Group 1-30
2022-05-26 21:05:15,730 INFO o.a.j.t.JMeterThread: Thread is done: Thread Group 1-18
2022-05-26 21:05:15,730 INFO o.a.j.t.JMeterThread: Thread finished: Thread Group 1-18
2022-05-26 21:05:15,738 INFO o.a.j.t.JMeterThread: Thread started: Thread Group 1-31
2022-05-26 21:05:15,746 INFO o.a.j.t.JMeterThread: Thread is done: Thread Group 1-19
2022-05-26 21:05:15,746 INFO o.a.j.t.JMeterThread: Thread finished: Thread Group 1-19
2022-05-26 21:05:15,755 INFO o.a.j.t.JMeterThread: Thread started: Thread Group 1-32
2022-05-26 21:05:15,767 INFO o.a.j.t.JMeterThread: Thread is done: Thread Group 1-20
2022-05-26 21:05:15,767 INFO o.a.j.t.JMeterThread: Thread finished: Thread Group 1-20
2022-05-26 21:05:15,771 INFO o.a.j.t.JMeterThread: Thread started: Thread Group 1-33
2022-05-26 21:05:15,781 INFO o.a.j.t.JMeterThread: Thread is done: Thread Group 1-21
2022-05-26 21:05:15,782 INFO o.a.j.t.JMeterThread: Thread finished: Thread Group 1-21
2022-05-26 21:05:15,788 INFO o.a.j.t.JMeterThread: Thread started: Thread Group 1-34
2022-05-26 21:05:15,795 INFO o.a.j.t.JMeterThread: Thread is done: Thread Group 1-22
2022-05-26 21:05:15,795 INFO o.a.j.t.JMeterThread: Thread finished: Thread Group 1-22
2022-05-26 21:05:15,805 INFO o.a.j.t.JMeterThread: Thread started: Thread Group 1-35
2022-05-26 21:05:15,820 INFO o.a.j.t.JMeterThread: Thread is done: Thread Group 1-23
2022-05-26 21:05:15,821 INFO o.a.j.t.JMeterThread: Thread finished: Thread Group 1-23
2022-05-26 21:05:15,822 INFO o.a.j.t.JMeterThread: Thread started: Thread Group 1-36
2022-05-26 21:05:15,838 INFO o.a.j.t.JMeterThread: Thread is done: Thread Group 1-24
2022-05-26 21:05:15,838 INFO o.a.j.t.JMeterThread: Thread finished: Thread Group 1-24
2022-05-26 21:05:15,838 INFO o.a.j.t.JMeterThread: Thread started: Thread Group 1-37
2022-05-26 21:05:15,855 INFO o.a.j.t.JMeterThread: Thread started: Thread Group 1-38
2022-05-26 21:05:15,862 INFO o.a.j.t.JMeterThread: Thread is done: Thread Group 1-25
2022-05-26 21:05:15,862 INFO o.a.j.t.JMeterThread: Thread finished: Thread Group 1-25
2022-05-26 21:05:15,868 INFO o.a.j.t.JMeterThread: Thread is done: Thread Group 1-26
2022-05-26 21:05:15,868 INFO o.a.j.t.JMeterThread: Thread finished: Thread Group 1-26
2022-05-26 21:05:15,872 INFO o.a.j.t.JMeterThread: Thread started: Thread Group 1-39
2022-05-26 21:05:15,883 INFO o.a.j.t.JMeterThread: Thread is done: Thread Group 1-27
2022-05-26 21:05:15,884 INFO o.a.j.t.JMeterThread: Thread finished: Thread Group 1-27
2022-05-26 21:05:15,888 INFO o.a.j.t.JMeterThread: Thread started: Thread Group 1-40
2022-05-26 21:05:15,907 INFO o.a.j.t.JMeterThread: Thread started: Thread Group 1-41
2022-05-26 21:05:15,908 INFO o.a.j.t.JMeterThread: Thread is done: Thread Group 1-28
2022-05-26 21:05:15,908 INFO o.a.j.t.JMeterThread: Thread finished: Thread Group 1-28
2022-05-26 21:05:15,922 INFO o.a.j.t.JMeterThread: Thread is done: Thread Group 1-29
2022-05-26 21:05:15,922 INFO o.a.j.t.JMeterThread: Thread finished: Thread Group 1-29
2022-05-26 21:05:15,922 INFO o.a.j.t.JMeterThread: Thread started: Thread Group 1-42
2022-05-26 21:05:15,934 INFO o.a.j.t.JMeterThread: Thread is done: Thread Group 1-30
2022-05-26 21:05:15,934 INFO o.a.j.t.JMeterThread: Thread finished: Thread Group 1-30
2022-05-26 21:05:15,938 INFO o.a.j.t.JMeterThread: Thread started: Thread Group 1-43
2022-05-26 21:05:15,955 INFO o.a.j.t.JMeterThread: Thread started: Thread Group 1-44
2022-05-26 21:05:15,959 INFO o.a.j.t.JMeterThread: Thread is done: Thread Group 1-31
2022-05-26 21:05:15,959 INFO o.a.j.t.JMeterThread: Thread finished: Thread Group 1-31
2022-05-26 21:05:15,971 INFO o.a.j.t.JMeterThread: Thread is done: Thread Group 1-32
2022-05-26 21:05:15,971 INFO o.a.j.t.JMeterThread: Thread finished: Thread Group 1-32
2022-05-26 21:05:15,976 INFO o.a.j.t.JMeterThread: Thread started: Thread Group 1-45
2022-05-26 21:05:15,990 INFO o.a.j.t.JMeterThread: Thread started: Thread Group 1-46
2022-05-26 21:05:15,997 INFO o.a.j.t.JMeterThread: Thread is done: Thread Group 1-33
2022-05-26 21:05:15,997 INFO o.a.j.t.JMeterThread: Thread finished: Thread Group 1-33
2022-05-26 21:05:16,008 INFO o.a.j.t.JMeterThread: Thread started: Thread Group 1-47
2022-05-26 21:05:16,010 INFO o.a.j.t.JMeterThread: Thread is done: Thread Group 1-34
2022-05-26 21:05:16,010 INFO o.a.j.t.JMeterThread: Thread finished: Thread Group 1-34
2022-05-26 21:05:16,024 INFO o.a.j.t.JMeterThread: Thread started: Thread Group 1-48
2022-05-26 21:05:16,031 INFO o.a.j.t.JMeterThread: Thread is done: Thread Group 1-35
2022-05-26 21:05:16,031 INFO o.a.j.t.JMeterThread: Thread finished: Thread Group 1-35
2022-05-26 21:05:16,037 INFO o.a.j.t.JMeterThread: Thread is done: Thread Group 1-36
2022-05-26 21:05:16,037 INFO o.a.j.t.JMeterThread: Thread finished: Thread Group 1-36
2022-05-26 21:05:16,040 INFO o.a.j.t.JMeterThread: Thread started: Thread Group 1-49
2022-05-26 21:05:16,060 INFO o.a.j.t.JMeterThread: Thread is done: Thread Group 1-37
2022-05-26 21:05:16,061 INFO o.a.j.t.JMeterThread: Thread finished: Thread Group 1-37
2022-05-26 21:05:16,060 INFO o.a.j.t.JMeterThread: Thread started: Thread Group 1-50
2022-05-26 21:05:16,074 INFO o.a.j.t.JMeterThread: Thread is done: Thread Group 1-38
2022-05-26 21:05:16,074 INFO o.a.j.t.JMeterThread: Thread finished: Thread Group 1-38
2022-05-26 21:05:16,077 INFO o.a.j.t.JMeterThread: Thread started: Thread Group 1-51
2022-05-26 21:05:16,087 INFO o.a.j.t.JMeterThread: Thread is done: Thread Group 1-39
2022-05-26 21:05:16,087 INFO o.a.j.t.JMeterThread: Thread finished: Thread Group 1-39
2022-05-26 21:05:16,097 INFO o.a.j.t.JMeterThread: Thread started: Thread Group 1-52
2022-05-26 21:05:16,107 INFO o.a.j.t.JMeterThread: Thread is done: Thread Group 1-40
2022-05-26 21:05:16,107 INFO o.a.j.t.JMeterThread: Thread finished: Thread Group 1-40
2022-05-26 21:05:16,110 INFO o.a.j.t.JMeterThread: Thread started: Thread Group 1-53
2022-05-26 21:05:16,125 INFO o.a.j.t.JMeterThread: Thread started: Thread Group 1-54
2022-05-26 21:05:16,127 INFO o.a.j.t.JMeterThread: Thread is done: Thread Group 1-41
2022-05-26 21:05:16,127 INFO o.a.j.t.JMeterThread: Thread finished: Thread Group 1-41
2022-05-26 21:05:16,143 INFO o.a.j.t.JMeterThread: Thread is done: Thread Group 1-42
2022-05-26 21:05:16,143 INFO o.a.j.t.JMeterThread: Thread finished: Thread Group 1-42
2022-05-26 21:05:16,143 INFO o.a.j.t.JMeterThread: Thread started: Thread Group 1-55
2022-05-26 21:05:16,159 INFO o.a.j.t.JMeterThread: Thread is done: Thread Group 1-43
2022-05-26 21:05:16,160 INFO o.a.j.t.JMeterThread: Thread finished: Thread Group 1-43
2022-05-26 21:05:16,162 INFO o.a.j.t.JMeterThread: Thread started: Thread Group 1-56
2022-05-26 21:05:16,166 INFO o.a.j.t.JMeterThread: Thread is done: Thread Group 1-44
2022-05-26 21:05:16,167 INFO o.a.j.t.JMeterThread: Thread finished: Thread Group 1-44
2022-05-26 21:05:16,180 INFO o.a.j.t.JMeterThread: Thread started: Thread Group 1-57
2022-05-26 21:05:16,194 INFO o.a.j.t.JMeterThread: Thread is done: Thread Group 1-45
2022-05-26 21:05:16,194 INFO o.a.j.t.JMeterThread: Thread finished: Thread Group 1-45
2022-05-26 21:05:16,197 INFO o.a.j.t.JMeterThread: Thread started: Thread Group 1-58
2022-05-26 21:05:16,206 INFO o.a.j.t.JMeterThread: Thread is done: Thread Group 1-46
2022-05-26 21:05:16,206 INFO o.a.j.t.JMeterThread: Thread finished: Thread Group 1-46
2022-05-26 21:05:16,214 INFO o.a.j.t.JMeterThread: Thread started: Thread Group 1-59
2022-05-26 21:05:16,226 INFO o.a.j.t.JMeterThread: Thread is done: Thread Group 1-47
2022-05-26 21:05:16,226 INFO o.a.j.t.JMeterThread: Thread finished: Thread Group 1-47
2022-05-26 21:05:16,230 INFO o.a.j.t.JMeterThread: Thread started: Thread Group 1-60
2022-05-26 21:05:16,241 INFO o.a.j.t.JMeterThread: Thread is done: Thread Group 1-48
2022-05-26 21:05:16,241 INFO o.a.j.t.JMeterThread: Thread finished: Thread Group 1-48
2022-05-26 21:05:16,247 INFO o.a.j.t.JMeterThread: Thread started: Thread Group 1-61
2022-05-26 21:05:16,252 INFO o.a.j.t.JMeterThread: Thread is done: Thread Group 1-49
2022-05-26 21:05:16,252 INFO o.a.j.t.JMeterThread: Thread finished: Thread Group 1-49
2022-05-26 21:05:16,262 INFO o.a.j.t.JMeterThread: Thread started: Thread Group 1-62
2022-05-26 21:05:16,278 INFO o.a.j.t.JMeterThread: Thread is done: Thread Group 1-50
2022-05-26 21:05:16,278 INFO o.a.j.t.JMeterThread: Thread finished: Thread Group 1-50
2022-05-26 21:05:16,280 INFO o.a.j.t.JMeterThread: Thread started: Thread Group 1-63
2022-05-26 21:05:16,292 INFO o.a.j.t.JMeterThread: Thread is done: Thread Group 1-51
2022-05-26 21:05:16,292 INFO o.a.j.t.JMeterThread: Thread finished: Thread Group 1-51
2022-05-26 21:05:16,299 INFO o.a.j.t.JMeterThread: Thread started: Thread Group 1-64
2022-05-26 21:05:16,317 INFO o.a.j.t.JMeterThread: Thread is done: Thread Group 1-52
2022-05-26 21:05:16,317 INFO o.a.j.t.JMeterThread: Thread finished: Thread Group 1-52
2022-05-26 21:05:16,316 INFO o.a.j.t.JMeterThread: Thread started: Thread Group 1-65
2022-05-26 21:05:16,328 INFO o.a.j.t.JMeterThread: Thread is done: Thread Group 1-53
2022-05-26 21:05:16,328 INFO o.a.j.t.JMeterThread: Thread finished: Thread Group 1-53
2022-05-26 21:05:16,333 INFO o.a.j.t.JMeterThread: Thread started: Thread Group 1-66
2022-05-26 21:05:16,344 INFO o.a.j.t.JMeterThread: Thread is done: Thread Group 1-54
2022-05-26 21:05:16,345 INFO o.a.j.t.JMeterThread: Thread finished: Thread Group 1-54
2022-05-26 21:05:16,350 INFO o.a.j.t.JMeterThread: Thread started: Thread Group 1-67
2022-05-26 21:05:16,361 INFO o.a.j.t.JMeterThread: Thread is done: Thread Group 1-55
2022-05-26 21:05:16,361 INFO o.a.j.t.JMeterThread: Thread finished: Thread Group 1-55
2022-05-26 21:05:16,366 INFO o.a.j.t.JMeterThread: Thread started: Thread Group 1-68
2022-05-26 21:05:16,375 INFO o.a.j.t.JMeterThread: Thread is done: Thread Group 1-56
2022-05-26 21:05:16,376 INFO o.a.j.t.JMeterThread: Thread finished: Thread Group 1-56
2022-05-26 21:05:16,382 INFO o.a.j.t.JMeterThread: Thread started: Thread Group 1-69
2022-05-26 21:05:16,397 INFO o.a.j.t.JMeterThread: Thread started: Thread Group 1-70
2022-05-26 21:05:16,401 INFO o.a.j.t.JMeterThread: Thread is done: Thread Group 1-57
2022-05-26 21:05:16,401 INFO o.a.j.t.JMeterThread: Thread finished: Thread Group 1-57
2022-05-26 21:05:16,414 INFO o.a.j.t.JMeterThread: Thread is done: Thread Group 1-58
2022-05-26 21:05:16,414 INFO o.a.j.t.JMeterThread: Thread finished: Thread Group 1-58
2022-05-26 21:05:16,418 INFO o.a.j.t.JMeterThread: Thread started: Thread Group 1-71
2022-05-26 21:05:16,430 INFO o.a.j.t.JMeterThread: Thread started: Thread Group 1-72
2022-05-26 21:05:16,433 INFO o.a.j.t.JMeterThread: Thread is done: Thread Group 1-59
2022-05-26 21:05:16,434 INFO o.a.j.t.JMeterThread: Thread finished: Thread Group 1-59
2022-05-26 21:05:16,449 INFO o.a.j.t.JMeterThread: Thread is done: Thread Group 1-60
2022-05-26 21:05:16,449 INFO o.a.j.t.JMeterThread: Thread finished: Thread Group 1-60
2022-05-26 21:05:16,450 INFO o.a.j.t.JMeterThread: Thread started: Thread Group 1-73
2022-05-26 21:05:16,462 INFO o.a.j.t.JMeterThread: Thread is done: Thread Group 1-61
2022-05-26 21:05:16,462 INFO o.a.j.t.JMeterThread: Thread finished: Thread Group 1-61
2022-05-26 21:05:16,466 INFO o.a.j.t.JMeterThread: Thread started: Thread Group 1-74
2022-05-26 21:05:16,483 INFO o.a.j.t.JMeterThread: Thread started: Thread Group 1-75
2022-05-26 21:05:16,490 INFO o.a.j.t.JMeterThread: Thread is done: Thread Group 1-62
2022-05-26 21:05:16,490 INFO o.a.j.t.JMeterThread: Thread finished: Thread Group 1-62
2022-05-26 21:05:16,497 INFO o.a.j.t.JMeterThread: Thread is done: Thread Group 1-63
2022-05-26 21:05:16,497 INFO o.a.j.t.JMeterThread: Thread finished: Thread Group 1-63
2022-05-26 21:05:16,501 INFO o.a.j.t.JMeterThread: Thread started: Thread Group 1-76
2022-05-26 21:05:16,519 INFO o.a.j.t.JMeterThread: Thread is done: Thread Group 1-64
2022-05-26 21:05:16,519 INFO o.a.j.t.JMeterThread: Thread finished: Thread Group 1-64
2022-05-26 21:05:16,519 INFO o.a.j.t.JMeterThread: Thread started: Thread Group 1-77
2022-05-26 21:05:16,536 INFO o.a.j.t.JMeterThread: Thread started: Thread Group 1-78
2022-05-26 21:05:16,539 INFO o.a.j.t.JMeterThread: Thread is done: Thread Group 1-65
2022-05-26 21:05:16,539 INFO o.a.j.t.JMeterThread: Thread finished: Thread Group 1-65
2022-05-26 21:05:16,546 INFO o.a.j.t.JMeterThread: Thread is done: Thread Group 1-66
2022-05-26 21:05:16,546 INFO o.a.j.t.JMeterThread: Thread finished: Thread Group 1-66
2022-05-26 21:05:16,552 INFO o.a.j.t.JMeterThread: Thread started: Thread Group 1-79
2022-05-26 21:05:16,568 INFO o.a.j.t.JMeterThread: Thread started: Thread Group 1-80
2022-05-26 21:05:16,574 INFO o.a.j.t.JMeterThread: Thread is done: Thread Group 1-67
2022-05-26 21:05:16,575 INFO o.a.j.t.JMeterThread: Thread finished: Thread Group 1-67
2022-05-26 21:05:16,586 INFO o.a.j.t.JMeterThread: Thread started: Thread Group 1-81
2022-05-26 21:05:16,588 INFO o.a.j.t.JMeterThread: Thread is done: Thread Group 1-68
2022-05-26 21:05:16,589 INFO o.a.j.t.JMeterThread: Thread finished: Thread Group 1-68
2022-05-26 21:05:16,599 INFO o.a.j.t.JMeterThread: Thread is done: Thread Group 1-69
2022-05-26 21:05:16,600 INFO o.a.j.t.JMeterThread: Thread finished: Thread Group 1-69
2022-05-26 21:05:16,605 INFO o.a.j.t.JMeterThread: Thread started: Thread Group 1-82
2022-05-26 21:05:16,613 INFO o.a.j.t.JMeterThread: Thread is done: Thread Group 1-70
2022-05-26 21:05:16,613 INFO o.a.j.t.JMeterThread: Thread finished: Thread Group 1-70
2022-05-26 21:05:16,622 INFO o.a.j.t.JMeterThread: Thread started: Thread Group 1-83
2022-05-26 21:05:16,638 INFO o.a.j.t.JMeterThread: Thread started: Thread Group 1-84
2022-05-26 21:05:16,647 INFO o.a.j.t.JMeterThread: Thread is done: Thread Group 1-72
2022-05-26 21:05:16,647 INFO o.a.j.t.JMeterThread: Thread is done: Thread Group 1-71
2022-05-26 21:05:16,647 INFO o.a.j.t.JMeterThread: Thread finished: Thread Group 1-72
2022-05-26 21:05:16,647 INFO o.a.j.t.JMeterThread: Thread finished: Thread Group 1-71
2022-05-26 21:05:16,655 INFO o.a.j.t.JMeterThread: Thread started: Thread Group 1-85
2022-05-26 21:05:16,667 INFO o.a.j.t.JMeterThread: Thread is done: Thread Group 1-73
2022-05-26 21:05:16,667 INFO o.a.j.t.JMeterThread: Thread finished: Thread Group 1-73
2022-05-26 21:05:16,671 INFO o.a.j.t.JMeterThread: Thread started: Thread Group 1-86
2022-05-26 21:05:16,685 INFO o.a.j.t.JMeterThread: Thread started: Thread Group 1-87
2022-05-26 21:05:16,691 INFO o.a.j.t.JMeterThread: Thread is done: Thread Group 1-74
2022-05-26 21:05:16,691 INFO o.a.j.t.JMeterThread: Thread finished: Thread Group 1-74
2022-05-26 21:05:16,706 INFO o.a.j.t.JMeterThread: Thread started: Thread Group 1-88
2022-05-26 21:05:16,714 INFO o.a.j.t.JMeterThread: Thread is done: Thread Group 1-75
2022-05-26 21:05:16,715 INFO o.a.j.t.JMeterThread: Thread finished: Thread Group 1-75
2022-05-26 21:05:16,722 INFO o.a.j.t.JMeterThread: Thread is done: Thread Group 1-76
2022-05-26 21:05:16,722 INFO o.a.j.t.JMeterThread: Thread started: Thread Group 1-89
2022-05-26 21:05:16,722 INFO o.a.j.t.JMeterThread: Thread finished: Thread Group 1-76
2022-05-26 21:05:16,738 INFO o.a.j.t.JMeterThread: Thread started: Thread Group 1-90
2022-05-26 21:05:16,743 INFO o.a.j.t.JMeterThread: Thread is done: Thread Group 1-77
2022-05-26 21:05:16,743 INFO o.a.j.t.JMeterThread: Thread finished: Thread Group 1-77
2022-05-26 21:05:16,755 INFO o.a.j.t.JMeterThread: Thread started: Thread Group 1-91
2022-05-26 21:05:16,765 INFO o.a.j.t.JMeterThread: Thread is done: Thread Group 1-78
2022-05-26 21:05:16,766 INFO o.a.j.t.JMeterThread: Thread finished: Thread Group 1-78
2022-05-26 21:05:16,767 INFO o.a.j.t.JMeterThread: Thread is done: Thread Group 1-79
2022-05-26 21:05:16,768 INFO o.a.j.t.JMeterThread: Thread finished: Thread Group 1-79
2022-05-26 21:05:16,772 INFO o.a.j.t.JMeterThread: Thread started: Thread Group 1-92
2022-05-26 21:05:16,792 INFO o.a.j.t.JMeterThread: Thread started: Thread Group 1-93
2022-05-26 21:05:16,799 INFO o.a.j.t.JMeterThread: Thread is done: Thread Group 1-80
2022-05-26 21:05:16,799 INFO o.a.j.t.JMeterThread: Thread finished: Thread Group 1-80
2022-05-26 21:05:16,807 INFO o.a.j.t.JMeterThread: Thread is done: Thread Group 1-81
2022-05-26 21:05:16,807 INFO o.a.j.t.JMeterThread: Thread finished: Thread Group 1-81
2022-05-26 21:05:16,808 INFO o.a.j.t.JMeterThread: Thread started: Thread Group 1-94
2022-05-26 21:05:16,823 INFO o.a.j.t.JMeterThread: Thread started: Thread Group 1-95
2022-05-26 21:05:16,828 INFO o.a.j.t.JMeterThread: Thread is done: Thread Group 1-82
2022-05-26 21:05:16,829 INFO o.a.j.t.JMeterThread: Thread finished: Thread Group 1-82
2022-05-26 21:05:16,840 INFO o.a.j.t.JMeterThread: Thread started: Thread Group 1-96
2022-05-26 21:05:16,840 INFO o.a.j.t.JMeterThread: Thread is done: Thread Group 1-83
2022-05-26 21:05:16,840 INFO o.a.j.t.JMeterThread: Thread finished: Thread Group 1-83
2022-05-26 21:05:16,860 INFO o.a.j.t.JMeterThread: Thread started: Thread Group 1-97
2022-05-26 21:05:16,861 INFO o.a.j.t.JMeterThread: Thread is done: Thread Group 1-84
2022-05-26 21:05:16,861 INFO o.a.j.t.JMeterThread: Thread finished: Thread Group 1-84
2022-05-26 21:05:16,877 INFO o.a.j.t.JMeterThread: Thread started: Thread Group 1-98
2022-05-26 21:05:16,879 INFO o.a.j.t.JMeterThread: Thread is done: Thread Group 1-85
2022-05-26 21:05:16,879 INFO o.a.j.t.JMeterThread: Thread finished: Thread Group 1-85
2022-05-26 21:05:16,889 INFO o.a.j.t.JMeterThread: Thread is done: Thread Group 1-86
2022-05-26 21:05:16,889 INFO o.a.j.t.JMeterThread: Thread finished: Thread Group 1-86
2022-05-26 21:05:16,895 INFO o.a.j.t.JMeterThread: Thread started: Thread Group 1-99
2022-05-26 21:05:16,909 INFO o.a.j.t.JMeterThread: Thread started: Thread Group 1-100
2022-05-26 21:05:16,913 INFO o.a.j.t.JMeterThread: Thread is done: Thread Group 1-87
2022-05-26 21:05:16,914 INFO o.a.j.t.JMeterThread: Thread finished: Thread Group 1-87
2022-05-26 21:05:16,920 INFO o.a.j.t.JMeterThread: Thread is done: Thread Group 1-88
2022-05-26 21:05:16,921 INFO o.a.j.t.JMeterThread: Thread finished: Thread Group 1-88
2022-05-26 21:05:16,925 INFO o.a.j.t.JMeterThread: Thread started: Thread Group 1-101
2022-05-26 21:05:16,940 INFO o.a.j.t.JMeterThread: Thread started: Thread Group 1-102
2022-05-26 21:05:16,944 INFO o.a.j.t.JMeterThread: Thread is done: Thread Group 1-89
2022-05-26 21:05:16,944 INFO o.a.j.t.JMeterThread: Thread finished: Thread Group 1-89
2022-05-26 21:05:16,957 INFO o.a.j.t.JMeterThread: Thread is done: Thread Group 1-90
2022-05-26 21:05:16,957 INFO o.a.j.t.JMeterThread: Thread finished: Thread Group 1-90
2022-05-26 21:05:16,960 INFO o.a.j.t.JMeterThread: Thread started: Thread Group 1-103
2022-05-26 21:05:16,973 INFO o.a.j.t.JMeterThread: Thread is done: Thread Group 1-91
2022-05-26 21:05:16,973 INFO o.a.j.t.JMeterThread: Thread finished: Thread Group 1-91
2022-05-26 21:05:16,978 INFO o.a.j.t.JMeterThread: Thread started: Thread Group 1-104
2022-05-26 21:05:16,995 INFO o.a.j.t.JMeterThread: Thread is done: Thread Group 1-92
2022-05-26 21:05:16,995 INFO o.a.j.t.JMeterThread: Thread finished: Thread Group 1-92
2022-05-26 21:05:16,997 INFO o.a.j.t.JMeterThread: Thread started: Thread Group 1-105
2022-05-26 21:05:17,011 INFO o.a.j.t.JMeterThread: Thread started: Thread Group 1-106
2022-05-26 21:05:17,016 INFO o.a.j.t.JMeterThread: Thread is done: Thread Group 1-93
2022-05-26 21:05:17,017 INFO o.a.j.t.JMeterThread: Thread finished: Thread Group 1-93
2022-05-26 21:05:17,024 INFO o.a.j.t.JMeterThread: Thread is done: Thread Group 1-94
2022-05-26 21:05:17,024 INFO o.a.j.t.JMeterThread: Thread finished: Thread Group 1-94
2022-05-26 21:05:17,026 INFO o.a.j.t.JMeterThread: Thread started: Thread Group 1-107
2022-05-26 21:05:17,047 INFO o.a.j.t.JMeterThread: Thread started: Thread Group 1-108
2022-05-26 21:05:17,049 INFO o.a.j.t.JMeterThread: Thread is done: Thread Group 1-95
2022-05-26 21:05:17,049 INFO o.a.j.t.JMeterThread: Thread finished: Thread Group 1-95
2022-05-26 21:05:17,064 INFO o.a.j.t.JMeterThread: Thread started: Thread Group 1-109
2022-05-26 21:05:17,068 INFO o.a.j.t.JMeterThread: Thread is done: Thread Group 1-96
2022-05-26 21:05:17,069 INFO o.a.j.t.JMeterThread: Thread finished: Thread Group 1-96
2022-05-26 21:05:17,080 INFO o.a.j.t.JMeterThread: Thread started: Thread Group 1-110
2022-05-26 21:05:17,085 INFO o.a.j.t.JMeterThread: Thread is done: Thread Group 1-97
2022-05-26 21:05:17,086 INFO o.a.j.t.JMeterThread: Thread finished: Thread Group 1-97
2022-05-26 21:05:17,094 INFO o.a.j.t.JMeterThread: Thread is done: Thread Group 1-98
2022-05-26 21:05:17,094 INFO o.a.j.t.JMeterThread: Thread finished: Thread Group 1-98
2022-05-26 21:05:17,097 INFO o.a.j.t.JMeterThread: Thread started: Thread Group 1-111
2022-05-26 21:05:17,114 INFO o.a.j.t.JMeterThread: Thread started: Thread Group 1-112
2022-05-26 21:05:17,118 INFO o.a.j.t.JMeterThread: Thread is done: Thread Group 1-99
2022-05-26 21:05:17,118 INFO o.a.j.t.JMeterThread: Thread finished: Thread Group 1-99
2022-05-26 21:05:17,125 INFO o.a.j.t.JMeterThread: Thread is done: Thread Group 1-100
2022-05-26 21:05:17,125 INFO o.a.j.t.JMeterThread: Thread finished: Thread Group 1-100
2022-05-26 21:05:17,127 INFO o.a.j.t.JMeterThread: Thread started: Thread Group 1-113
2022-05-26 21:05:17,144 INFO o.a.j.t.JMeterThread: Thread is done: Thread Group 1-101
2022-05-26 21:05:17,145 INFO o.a.j.t.JMeterThread: Thread finished: Thread Group 1-101
2022-05-26 21:05:17,149 INFO o.a.j.t.JMeterThread: Thread started: Thread Group 1-114
2022-05-26 21:05:17,158 INFO o.a.j.t.JMeterThread: Thread is done: Thread Group 1-102
2022-05-26 21:05:17,159 INFO o.a.j.t.JMeterThread: Thread finished: Thread Group 1-102
2022-05-26 21:05:17,166 INFO o.a.j.t.JMeterThread: Thread started: Thread Group 1-115
2022-05-26 21:05:17,176 INFO o.a.j.t.JMeterThread: Thread is done: Thread Group 1-103
2022-05-26 21:05:17,176 INFO o.a.j.t.JMeterThread: Thread finished: Thread Group 1-103
2022-05-26 21:05:17,183 INFO o.a.j.t.JMeterThread: Thread started: Thread Group 1-116
2022-05-26 21:05:17,197 INFO o.a.j.t.JMeterThread: Thread started: Thread Group 1-117
2022-05-26 21:05:17,197 INFO o.a.j.t.JMeterThread: Thread is done: Thread Group 1-104
2022-05-26 21:05:17,198 INFO o.a.j.t.JMeterThread: Thread finished: Thread Group 1-104
2022-05-26 21:05:17,216 INFO o.a.j.t.JMeterThread: Thread started: Thread Group 1-118
2022-05-26 21:05:17,218 INFO o.a.j.t.JMeterThread: Thread is done: Thread Group 1-105
2022-05-26 21:05:17,218 INFO o.a.j.t.JMeterThread: Thread finished: Thread Group 1-105
2022-05-26 21:05:17,233 INFO o.a.j.t.JMeterThread: Thread is done: Thread Group 1-106
2022-05-26 21:05:17,233 INFO o.a.j.t.JMeterThread: Thread finished: Thread Group 1-106
2022-05-26 21:05:17,234 INFO o.a.j.t.JMeterThread: Thread started: Thread Group 1-119
2022-05-26 21:05:17,240 INFO o.a.j.t.JMeterThread: Thread is done: Thread Group 1-107
2022-05-26 21:05:17,240 INFO o.a.j.t.JMeterThread: Thread finished: Thread Group 1-107
2022-05-26 21:05:17,250 INFO o.a.j.t.JMeterThread: Thread started: Thread Group 1-120
2022-05-26 21:05:17,264 INFO o.a.j.t.JMeterThread: Thread started: Thread Group 1-121
2022-05-26 21:05:17,269 INFO o.a.j.t.JMeterThread: Thread is done: Thread Group 1-108
2022-05-26 21:05:17,269 INFO o.a.j.t.JMeterThread: Thread finished: Thread Group 1-108
2022-05-26 21:05:17,283 INFO o.a.j.t.JMeterThread: Thread is done: Thread Group 1-109
2022-05-26 21:05:17,284 INFO o.a.j.t.JMeterThread: Thread finished: Thread Group 1-109
2022-05-26 21:05:17,283 INFO o.a.j.t.JMeterThread: Thread started: Thread Group 1-122
2022-05-26 21:05:17,299 INFO o.a.j.t.JMeterThread: Thread is done: Thread Group 1-110
2022-05-26 21:05:17,299 INFO o.a.j.t.JMeterThread: Thread finished: Thread Group 1-110
2022-05-26 21:05:17,300 INFO o.a.j.t.JMeterThread: Thread started: Thread Group 1-123
2022-05-26 21:05:17,316 INFO o.a.j.t.JMeterThread: Thread is done: Thread Group 1-111
2022-05-26 21:05:17,316 INFO o.a.j.t.JMeterThread: Thread finished: Thread Group 1-111
2022-05-26 21:05:17,317 INFO o.a.j.t.JMeterThread: Thread started: Thread Group 1-124
2022-05-26 21:05:17,331 INFO o.a.j.t.JMeterThread: Thread is done: Thread Group 1-112
2022-05-26 21:05:17,331 INFO o.a.j.t.JMeterThread: Thread finished: Thread Group 1-112
2022-05-26 21:05:17,335 INFO o.a.j.t.JMeterThread: Thread started: Thread Group 1-125
2022-05-26 21:05:17,344 INFO o.a.j.t.JMeterThread: Thread is done: Thread Group 1-113
2022-05-26 21:05:17,344 INFO o.a.j.t.JMeterThread: Thread finished: Thread Group 1-113
2022-05-26 21:05:17,352 INFO o.a.j.t.JMeterThread: Thread started: Thread Group 1-126
2022-05-26 21:05:17,366 INFO o.a.j.t.JMeterThread: Thread is done: Thread Group 1-114
2022-05-26 21:05:17,366 INFO o.a.j.t.JMeterThread: Thread finished: Thread Group 1-114
2022-05-26 21:05:17,367 INFO o.a.j.t.JMeterThread: Thread started: Thread Group 1-127
2022-05-26 21:05:17,388 INFO o.a.j.t.JMeterThread: Thread is done: Thread Group 1-115
2022-05-26 21:05:17,388 INFO o.a.j.t.JMeterThread: Thread started: Thread Group 1-128
2022-05-26 21:05:17,391 INFO o.a.j.t.JMeterThread: Thread finished: Thread Group 1-115
2022-05-26 21:05:17,401 INFO o.a.j.t.JMeterThread: Thread started: Thread Group 1-129
2022-05-26 21:05:17,403 INFO o.a.j.t.JMeterThread: Thread is done: Thread Group 1-116
2022-05-26 21:05:17,403 INFO o.a.j.t.JMeterThread: Thread finished: Thread Group 1-116
2022-05-26 21:05:17,419 INFO o.a.j.t.JMeterThread: Thread is done: Thread Group 1-117
2022-05-26 21:05:17,419 INFO o.a.j.t.JMeterThread: Thread finished: Thread Group 1-117
2022-05-26 21:05:17,421 INFO o.a.j.t.JMeterThread: Thread started: Thread Group 1-130
2022-05-26 21:05:17,435 INFO o.a.j.t.JMeterThread: Thread is done: Thread Group 1-118
2022-05-26 21:05:17,435 INFO o.a.j.t.JMeterThread: Thread finished: Thread Group 1-118
2022-05-26 21:05:17,438 INFO o.a.j.t.JMeterThread: Thread started: Thread Group 1-131
2022-05-26 21:05:17,455 INFO o.a.j.t.JMeterThread: Thread started: Thread Group 1-132
2022-05-26 21:05:17,457 INFO o.a.j.t.JMeterThread: Thread is done: Thread Group 1-119
2022-05-26 21:05:17,457 INFO o.a.j.t.JMeterThread: Thread finished: Thread Group 1-119
2022-05-26 21:05:17,467 INFO o.a.j.t.JMeterThread: Thread is done: Thread Group 1-120
2022-05-26 21:05:17,467 INFO o.a.j.t.JMeterThread: Thread finished: Thread Group 1-120
2022-05-26 21:05:17,472 INFO o.a.j.t.JMeterThread: Thread started: Thread Group 1-133
2022-05-26 21:05:17,478 INFO o.a.j.t.JMeterThread: Thread is done: Thread Group 1-121
2022-05-26 21:05:17,478 INFO o.a.j.t.JMeterThread: Thread finished: Thread Group 1-121
2022-05-26 21:05:17,490 INFO o.a.j.t.JMeterThread: Thread started: Thread Group 1-134
2022-05-26 21:05:17,502 INFO o.a.j.t.JMeterThread: Thread started: Thread Group 1-135
2022-05-26 21:05:17,502 INFO o.a.j.t.JMeterThread: Thread is done: Thread Group 1-122
2022-05-26 21:05:17,502 INFO o.a.j.t.JMeterThread: Thread finished: Thread Group 1-122
2022-05-26 21:05:17,518 INFO o.a.j.t.JMeterThread: Thread is done: Thread Group 1-123
2022-05-26 21:05:17,518 INFO o.a.j.t.JMeterThread: Thread finished: Thread Group 1-123
2022-05-26 21:05:17,522 INFO o.a.j.t.JMeterThread: Thread started: Thread Group 1-136
2022-05-26 21:05:17,534 INFO o.a.j.t.JMeterThread: Thread is done: Thread Group 1-124
2022-05-26 21:05:17,535 INFO o.a.j.t.JMeterThread: Thread finished: Thread Group 1-124
2022-05-26 21:05:17,538 INFO o.a.j.t.JMeterThread: Thread started: Thread Group 1-137
2022-05-26 21:05:17,555 INFO o.a.j.t.JMeterThread: Thread started: Thread Group 1-138
2022-05-26 21:05:17,555 INFO o.a.j.t.JMeterThread: Thread is done: Thread Group 1-125
2022-05-26 21:05:17,555 INFO o.a.j.t.JMeterThread: Thread finished: Thread Group 1-125
2022-05-26 21:05:17,569 INFO o.a.j.t.JMeterThread: Thread is done: Thread Group 1-126
2022-05-26 21:05:17,570 INFO o.a.j.t.JMeterThread: Thread finished: Thread Group 1-126
2022-05-26 21:05:17,571 INFO o.a.j.t.JMeterThread: Thread started: Thread Group 1-139
2022-05-26 21:05:17,587 INFO o.a.j.t.JMeterThread: Thread is done: Thread Group 1-127
2022-05-26 21:05:17,588 INFO o.a.j.t.JMeterThread: Thread finished: Thread Group 1-127
2022-05-26 21:05:17,588 INFO o.a.j.t.JMeterThread: Thread started: Thread Group 1-140
2022-05-26 21:05:17,604 INFO o.a.j.t.JMeterThread: Thread is done: Thread Group 1-128
2022-05-26 21:05:17,605 INFO o.a.j.t.JMeterThread: Thread finished: Thread Group 1-128
2022-05-26 21:05:17,608 INFO o.a.j.t.JMeterThread: Thread started: Thread Group 1-141
2022-05-26 21:05:17,619 INFO o.a.j.t.JMeterThread: Thread is done: Thread Group 1-129
2022-05-26 21:05:17,619 INFO o.a.j.t.JMeterThread: Thread finished: Thread Group 1-129
2022-05-26 21:05:17,624 INFO o.a.j.t.JMeterThread: Thread started: Thread Group 1-142
2022-05-26 21:05:17,639 INFO o.a.j.t.JMeterThread: Thread started: Thread Group 1-143
2022-05-26 21:05:17,647 INFO o.a.j.t.JMeterThread: Thread is done: Thread Group 1-130
2022-05-26 21:05:17,648 INFO o.a.j.t.JMeterThread: Thread finished: Thread Group 1-130
2022-05-26 21:05:17,656 INFO o.a.j.t.JMeterThread: Thread started: Thread Group 1-144
2022-05-26 21:05:17,657 INFO o.a.j.t.JMeterThread: Thread is done: Thread Group 1-131
2022-05-26 21:05:17,657 INFO o.a.j.t.JMeterThread: Thread finished: Thread Group 1-131
2022-05-26 21:05:17,673 INFO o.a.j.t.JMeterThread: Thread started: Thread Group 1-145
2022-05-26 21:05:17,678 INFO o.a.j.t.JMeterThread: Thread is done: Thread Group 1-132
2022-05-26 21:05:17,678 INFO o.a.j.t.JMeterThread: Thread finished: Thread Group 1-132
2022-05-26 21:05:17,688 INFO o.a.j.t.JMeterThread: Thread started: Thread Group 1-146
2022-05-26 21:05:17,697 INFO o.a.j.t.JMeterThread: Thread is done: Thread Group 1-133
2022-05-26 21:05:17,697 INFO o.a.j.t.JMeterThread: Thread finished: Thread Group 1-133
2022-05-26 21:05:17,709 INFO o.a.j.t.JMeterThread: Thread started: Thread Group 1-147
2022-05-26 21:05:17,711 INFO o.a.j.t.JMeterThread: Thread is done: Thread Group 1-134
2022-05-26 21:05:17,711 INFO o.a.j.t.JMeterThread: Thread finished: Thread Group 1-134
2022-05-26 21:05:17,721 INFO o.a.j.t.JMeterThread: Thread is done: Thread Group 1-135
2022-05-26 21:05:17,721 INFO o.a.j.t.JMeterThread: Thread finished: Thread Group 1-135
2022-05-26 21:05:17,725 INFO o.a.j.t.JMeterThread: Thread started: Thread Group 1-148
2022-05-26 21:05:17,743 INFO o.a.j.t.JMeterThread: Thread started: Thread Group 1-149
2022-05-26 21:05:17,746 INFO o.a.j.t.JMeterThread: Thread is done: Thread Group 1-136
2022-05-26 21:05:17,746 INFO o.a.j.t.JMeterThread: Thread finished: Thread Group 1-136
2022-05-26 21:05:17,757 INFO o.a.j.t.JMeterThread: Thread started: Thread Group 1-150
2022-05-26 21:05:17,771 INFO o.a.j.t.JMeterThread: Thread is done: Thread Group 1-137
2022-05-26 21:05:17,771 INFO o.a.j.t.JMeterThread: Thread finished: Thread Group 1-137
2022-05-26 21:05:17,773 INFO o.a.j.t.JMeterThread: Thread is done: Thread Group 1-138
2022-05-26 21:05:17,774 INFO o.a.j.t.JMeterThread: Thread finished: Thread Group 1-138
2022-05-26 21:05:17,779 INFO o.a.j.t.JMeterThread: Thread started: Thread Group 1-151
2022-05-26 21:05:17,789 INFO o.a.j.t.JMeterThread: Thread is done: Thread Group 1-139
2022-05-26 21:05:17,790 INFO o.a.j.t.JMeterThread: Thread finished: Thread Group 1-139
2022-05-26 21:05:17,795 INFO o.a.j.t.JMeterThread: Thread started: Thread Group 1-152
2022-05-26 21:05:17,804 INFO o.a.j.t.JMeterThread: Thread is done: Thread Group 1-140
2022-05-26 21:05:17,805 INFO o.a.j.t.JMeterThread: Thread finished: Thread Group 1-140
2022-05-26 21:05:17,810 INFO o.a.j.t.JMeterThread: Thread started: Thread Group 1-153
2022-05-26 21:05:17,827 INFO o.a.j.t.JMeterThread: Thread started: Thread Group 1-154
2022-05-26 21:05:17,831 INFO o.a.j.t.JMeterThread: Thread is done: Thread Group 1-141
2022-05-26 21:05:17,831 INFO o.a.j.t.JMeterThread: Thread finished: Thread Group 1-141
2022-05-26 21:05:17,842 INFO o.a.j.t.JMeterThread: Thread started: Thread Group 1-155
2022-05-26 21:05:17,848 INFO o.a.j.t.JMeterThread: Thread is done: Thread Group 1-142
2022-05-26 21:05:17,848 INFO o.a.j.t.JMeterThread: Thread finished: Thread Group 1-142
2022-05-26 21:05:17,860 INFO o.a.j.t.JMeterThread: Thread is done: Thread Group 1-143
2022-05-26 21:05:17,860 INFO o.a.j.t.JMeterThread: Thread finished: Thread Group 1-143
2022-05-26 21:05:17,864 INFO o.a.j.t.JMeterThread: Thread started: Thread Group 1-156
2022-05-26 21:05:17,880 INFO o.a.j.t.JMeterThread: Thread started: Thread Group 1-157
2022-05-26 21:05:17,884 INFO o.a.j.t.JMeterThread: Thread is done: Thread Group 1-144
2022-05-26 21:05:17,884 INFO o.a.j.t.JMeterThread: Thread finished: Thread Group 1-144
2022-05-26 21:05:17,893 INFO o.a.j.t.JMeterThread: Thread is done: Thread Group 1-145
2022-05-26 21:05:17,894 INFO o.a.j.t.JMeterThread: Thread finished: Thread Group 1-145
2022-05-26 21:05:17,897 INFO o.a.j.t.JMeterThread: Thread started: Thread Group 1-158
2022-05-26 21:05:17,911 INFO o.a.j.t.JMeterThread: Thread started: Thread Group 1-159
2022-05-26 21:05:17,915 INFO o.a.j.t.JMeterThread: Thread is done: Thread Group 1-146
2022-05-26 21:05:17,915 INFO o.a.j.t.JMeterThread: Thread finished: Thread Group 1-146
2022-05-26 21:05:17,930 INFO o.a.j.t.JMeterThread: Thread started: Thread Group 1-160
2022-05-26 21:05:17,934 INFO o.a.j.t.JMeterThread: Thread is done: Thread Group 1-147
2022-05-26 21:05:17,934 INFO o.a.j.t.JMeterThread: Thread finished: Thread Group 1-147
2022-05-26 21:05:17,943 INFO o.a.j.t.JMeterThread: Thread is done: Thread Group 1-148
2022-05-26 21:05:17,943 INFO o.a.j.t.JMeterThread: Thread finished: Thread Group 1-148
2022-05-26 21:05:17,944 INFO o.a.j.t.JMeterThread: Thread started: Thread Group 1-161
2022-05-26 21:05:17,965 INFO o.a.j.t.JMeterThread: Thread started: Thread Group 1-162
2022-05-26 21:05:17,965 INFO o.a.j.t.JMeterThread: Thread is done: Thread Group 1-149
2022-05-26 21:05:17,965 INFO o.a.j.t.JMeterThread: Thread finished: Thread Group 1-149
2022-05-26 21:05:17,979 INFO o.a.j.t.JMeterThread: Thread is done: Thread Group 1-150
2022-05-26 21:05:17,980 INFO o.a.j.t.JMeterThread: Thread finished: Thread Group 1-150
2022-05-26 21:05:17,983 INFO o.a.j.t.JMeterThread: Thread started: Thread Group 1-163
2022-05-26 21:05:17,997 INFO o.a.j.t.JMeterThread: Thread started: Thread Group 1-164
2022-05-26 21:05:18,004 INFO o.a.j.t.JMeterThread: Thread is done: Thread Group 1-151
2022-05-26 21:05:18,004 INFO o.a.j.t.JMeterThread: Thread finished: Thread Group 1-151
2022-05-26 21:05:18,016 INFO o.a.j.t.JMeterThread: Thread started: Thread Group 1-165
2022-05-26 21:05:18,022 INFO o.a.j.t.JMeterThread: Thread is done: Thread Group 1-152
2022-05-26 21:05:18,022 INFO o.a.j.t.JMeterThread: Thread finished: Thread Group 1-152
2022-05-26 21:05:18,030 INFO o.a.j.t.JMeterThread: Thread started: Thread Group 1-166
2022-05-26 21:05:18,039 INFO o.a.j.t.JMeterThread: Thread is done: Thread Group 1-153
2022-05-26 21:05:18,039 INFO o.a.j.t.JMeterThread: Thread finished: Thread Group 1-153
2022-05-26 21:05:18,050 INFO o.a.j.t.JMeterThread: Thread started: Thread Group 1-167
2022-05-26 21:05:18,051 INFO o.a.j.t.JMeterThread: Thread is done: Thread Group 1-154
2022-05-26 21:05:18,051 INFO o.a.j.t.JMeterThread: Thread finished: Thread Group 1-154
2022-05-26 21:05:18,063 INFO o.a.j.t.JMeterThread: Thread started: Thread Group 1-168
2022-05-26 21:05:18,073 INFO o.a.j.t.JMeterThread: Thread is done: Thread Group 1-155
2022-05-26 21:05:18,073 INFO o.a.j.t.JMeterThread: Thread finished: Thread Group 1-155
2022-05-26 21:05:18,081 INFO o.a.j.t.JMeterThread: Thread is done: Thread Group 1-156
2022-05-26 21:05:18,081 INFO o.a.j.t.JMeterThread: Thread finished: Thread Group 1-156
2022-05-26 21:05:18,082 INFO o.a.j.t.JMeterThread: Thread started: Thread Group 1-169
2022-05-26 21:05:18,099 INFO o.a.j.t.JMeterThread: Thread started: Thread Group 1-170
2022-05-26 21:05:18,102 INFO o.a.j.t.JMeterThread: Thread is done: Thread Group 1-157
2022-05-26 21:05:18,102 INFO o.a.j.t.JMeterThread: Thread finished: Thread Group 1-157
2022-05-26 21:05:18,116 INFO o.a.j.t.JMeterThread: Thread started: Thread Group 1-171
2022-05-26 21:05:18,120 INFO o.a.j.t.JMeterThread: Thread is done: Thread Group 1-158
2022-05-26 21:05:18,120 INFO o.a.j.t.JMeterThread: Thread finished: Thread Group 1-158
2022-05-26 21:05:18,136 INFO o.a.j.t.JMeterThread: Thread is done: Thread Group 1-159
2022-05-26 21:05:18,136 INFO o.a.j.t.JMeterThread: Thread finished: Thread Group 1-159
2022-05-26 21:05:18,136 INFO o.a.j.t.JMeterThread: Thread started: Thread Group 1-172
2022-05-26 21:05:18,152 INFO o.a.j.t.JMeterThread: Thread started: Thread Group 1-173
2022-05-26 21:05:18,157 INFO o.a.j.t.JMeterThread: Thread is done: Thread Group 1-160
2022-05-26 21:05:18,157 INFO o.a.j.t.JMeterThread: Thread finished: Thread Group 1-160
2022-05-26 21:05:18,165 INFO o.a.j.t.JMeterThread: Thread started: Thread Group 1-174
2022-05-26 21:05:18,168 INFO o.a.j.t.JMeterThread: Thread is done: Thread Group 1-161
2022-05-26 21:05:18,168 INFO o.a.j.t.JMeterThread: Thread finished: Thread Group 1-161
2022-05-26 21:05:18,181 INFO o.a.j.t.JMeterThread: Thread is done: Thread Group 1-162
2022-05-26 21:05:18,181 INFO o.a.j.t.JMeterThread: Thread finished: Thread Group 1-162
2022-05-26 21:05:18,184 INFO o.a.j.t.JMeterThread: Thread started: Thread Group 1-175
2022-05-26 21:05:18,202 INFO o.a.j.t.JMeterThread: Thread started: Thread Group 1-176
2022-05-26 21:05:18,204 INFO o.a.j.t.JMeterThread: Thread is done: Thread Group 1-163
2022-05-26 21:05:18,204 INFO o.a.j.t.JMeterThread: Thread finished: Thread Group 1-163
2022-05-26 21:05:18,222 INFO o.a.j.t.JMeterThread: Thread started: Thread Group 1-177
2022-05-26 21:05:18,223 INFO o.a.j.t.JMeterThread: Thread is done: Thread Group 1-164
2022-05-26 21:05:18,223 INFO o.a.j.t.JMeterThread: Thread finished: Thread Group 1-164
2022-05-26 21:05:18,237 INFO o.a.j.t.JMeterThread: Thread started: Thread Group 1-178
2022-05-26 21:05:18,238 INFO o.a.j.t.JMeterThread: Thread is done: Thread Group 1-165
2022-05-26 21:05:18,238 INFO o.a.j.t.JMeterThread: Thread finished: Thread Group 1-165
2022-05-26 21:05:18,252 INFO o.a.j.t.JMeterThread: Thread is done: Thread Group 1-166
2022-05-26 21:05:18,252 INFO o.a.j.t.JMeterThread: Thread finished: Thread Group 1-166
2022-05-26 21:05:18,253 INFO o.a.j.t.JMeterThread: Thread started: Thread Group 1-179
2022-05-26 21:05:18,272 INFO o.a.j.t.JMeterThread: Thread started: Thread Group 1-180
2022-05-26 21:05:18,275 INFO o.a.j.t.JMeterThread: Thread is done: Thread Group 1-167
2022-05-26 21:05:18,275 INFO o.a.j.t.JMeterThread: Thread finished: Thread Group 1-167
2022-05-26 21:05:18,284 INFO o.a.j.t.JMeterThread: Thread started: Thread Group 1-181
2022-05-26 21:05:18,285 INFO o.a.j.t.JMeterThread: Thread is done: Thread Group 1-168
2022-05-26 21:05:18,285 INFO o.a.j.t.JMeterThread: Thread finished: Thread Group 1-168
2022-05-26 21:05:18,302 INFO o.a.j.t.JMeterThread: Thread started: Thread Group 1-182
2022-05-26 21:05:18,304 INFO o.a.j.t.JMeterThread: Thread is done: Thread Group 1-169
2022-05-26 21:05:18,305 INFO o.a.j.t.JMeterThread: Thread finished: Thread Group 1-169
2022-05-26 21:05:18,318 INFO o.a.j.t.JMeterThread: Thread is done: Thread Group 1-170
2022-05-26 21:05:18,318 INFO o.a.j.t.JMeterThread: Thread finished: Thread Group 1-170
2022-05-26 21:05:18,322 INFO o.a.j.t.JMeterThread: Thread started: Thread Group 1-183
2022-05-26 21:05:18,338 INFO o.a.j.t.JMeterThread: Thread started: Thread Group 1-184
2022-05-26 21:05:18,339 INFO o.a.j.t.JMeterThread: Thread is done: Thread Group 1-171
2022-05-26 21:05:18,339 INFO o.a.j.t.JMeterThread: Thread finished: Thread Group 1-171
2022-05-26 21:05:18,355 INFO o.a.j.t.JMeterThread: Thread started: Thread Group 1-185
2022-05-26 21:05:18,363 INFO o.a.j.t.JMeterThread: Thread is done: Thread Group 1-172
2022-05-26 21:05:18,363 INFO o.a.j.t.JMeterThread: Thread finished: Thread Group 1-172
2022-05-26 21:05:18,368 INFO o.a.j.t.JMeterThread: Thread is done: Thread Group 1-173
2022-05-26 21:05:18,368 INFO o.a.j.t.JMeterThread: Thread finished: Thread Group 1-173
2022-05-26 21:05:18,373 INFO o.a.j.t.JMeterThread: Thread started: Thread Group 1-186
2022-05-26 21:05:18,387 INFO o.a.j.t.JMeterThread: Thread is done: Thread Group 1-174
2022-05-26 21:05:18,387 INFO o.a.j.t.JMeterThread: Thread finished: Thread Group 1-174
2022-05-26 21:05:18,388 INFO o.a.j.t.JMeterThread: Thread started: Thread Group 1-187
2022-05-26 21:05:18,406 INFO o.a.j.t.JMeterThread: Thread started: Thread Group 1-188
2022-05-26 21:05:18,406 INFO o.a.j.t.JMeterThread: Thread is done: Thread Group 1-175
2022-05-26 21:05:18,406 INFO o.a.j.t.JMeterThread: Thread finished: Thread Group 1-175
2022-05-26 21:05:18,423 INFO o.a.j.t.JMeterThread: Thread is done: Thread Group 1-176
2022-05-26 21:05:18,423 INFO o.a.j.t.JMeterThread: Thread finished: Thread Group 1-176
2022-05-26 21:05:18,423 INFO o.a.j.t.JMeterThread: Thread started: Thread Group 1-189
2022-05-26 21:05:18,437 INFO o.a.j.t.JMeterThread: Thread is done: Thread Group 1-177
2022-05-26 21:05:18,437 INFO o.a.j.t.JMeterThread: Thread finished: Thread Group 1-177
2022-05-26 21:05:18,440 INFO o.a.j.t.JMeterThread: Thread started: Thread Group 1-190
2022-05-26 21:05:18,455 INFO o.a.j.t.JMeterThread: Thread started: Thread Group 1-191
2022-05-26 21:05:18,457 INFO o.a.j.t.JMeterThread: Thread is done: Thread Group 1-178
2022-05-26 21:05:18,457 INFO o.a.j.t.JMeterThread: Thread finished: Thread Group 1-178
2022-05-26 21:05:18,468 INFO o.a.j.t.JMeterThread: Thread is done: Thread Group 1-179
2022-05-26 21:05:18,468 INFO o.a.j.t.JMeterThread: Thread finished: Thread Group 1-179
2022-05-26 21:05:18,475 INFO o.a.j.t.JMeterThread: Thread started: Thread Group 1-192
2022-05-26 21:05:18,488 INFO o.a.j.t.JMeterThread: Thread is done: Thread Group 1-180
2022-05-26 21:05:18,488 INFO o.a.j.t.JMeterThread: Thread finished: Thread Group 1-180
2022-05-26 21:05:18,488 INFO o.a.j.t.JMeterThread: Thread started: Thread Group 1-193
2022-05-26 21:05:18,506 INFO o.a.j.t.JMeterThread: Thread is done: Thread Group 1-181
2022-05-26 21:05:18,506 INFO o.a.j.t.JMeterThread: Thread finished: Thread Group 1-181
2022-05-26 21:05:18,509 INFO o.a.j.t.JMeterThread: Thread started: Thread Group 1-194
2022-05-26 21:05:18,524 INFO o.a.j.t.JMeterThread: Thread is done: Thread Group 1-182
2022-05-26 21:05:18,524 INFO o.a.j.t.JMeterThread: Thread finished: Thread Group 1-182
2022-05-26 21:05:18,526 INFO o.a.j.t.JMeterThread: Thread started: Thread Group 1-195
2022-05-26 21:05:18,541 INFO o.a.j.t.JMeterThread: Thread started: Thread Group 1-196
2022-05-26 21:05:18,545 INFO o.a.j.t.JMeterThread: Thread is done: Thread Group 1-183
2022-05-26 21:05:18,545 INFO o.a.j.t.JMeterThread: Thread finished: Thread Group 1-183
2022-05-26 21:05:18,557 INFO o.a.j.t.JMeterThread: Thread started: Thread Group 1-197
2022-05-26 21:05:18,557 INFO o.a.j.t.JMeterThread: Thread is done: Thread Group 1-184
2022-05-26 21:05:18,558 INFO o.a.j.t.JMeterThread: Thread finished: Thread Group 1-184
2022-05-26 21:05:18,572 INFO o.a.j.t.JMeterThread: Thread is done: Thread Group 1-185
2022-05-26 21:05:18,572 INFO o.a.j.t.JMeterThread: Thread finished: Thread Group 1-185
2022-05-26 21:05:18,575 INFO o.a.j.t.JMeterThread: Thread started: Thread Group 1-198
2022-05-26 21:05:18,594 INFO o.a.j.t.JMeterThread: Thread started: Thread Group 1-199
2022-05-26 21:05:18,598 INFO o.a.j.t.JMeterThread: Thread is done: Thread Group 1-186
2022-05-26 21:05:18,598 INFO o.a.j.t.JMeterThread: Thread finished: Thread Group 1-186
2022-05-26 21:05:18,603 INFO o.a.j.t.JMeterThread: Thread is done: Thread Group 1-187
2022-05-26 21:05:18,604 INFO o.a.j.t.JMeterThread: Thread finished: Thread Group 1-187
2022-05-26 21:05:18,611 INFO o.a.j.t.JMeterThread: Thread started: Thread Group 1-200
2022-05-26 21:05:18,622 INFO o.a.j.t.JMeterThread: Thread is done: Thread Group 1-188
2022-05-26 21:05:18,622 INFO o.a.j.t.JMeterThread: Thread finished: Thread Group 1-188
2022-05-26 21:05:18,632 INFO o.a.j.t.JMeterThread: Thread started: Thread Group 1-201
2022-05-26 21:05:18,642 INFO o.a.j.t.JMeterThread: Thread is done: Thread Group 1-189
2022-05-26 21:05:18,642 INFO o.a.j.t.JMeterThread: Thread finished: Thread Group 1-189
2022-05-26 21:05:18,647 INFO o.a.j.t.JMeterThread: Thread started: Thread Group 1-202
2022-05-26 21:05:18,664 INFO o.a.j.t.JMeterThread: Thread is done: Thread Group 1-190
2022-05-26 21:05:18,664 INFO o.a.j.t.JMeterThread: Thread started: Thread Group 1-203
2022-05-26 21:05:18,664 INFO o.a.j.t.JMeterThread: Thread finished: Thread Group 1-190
2022-05-26 21:05:18,680 INFO o.a.j.t.JMeterThread: Thread is done: Thread Group 1-191
2022-05-26 21:05:18,680 INFO o.a.j.t.JMeterThread: Thread started: Thread Group 1-204
2022-05-26 21:05:18,681 INFO o.a.j.t.JMeterThread: Thread finished: Thread Group 1-191
2022-05-26 21:05:18,696 INFO o.a.j.t.JMeterThread: Thread started: Thread Group 1-205
2022-05-26 21:05:18,701 INFO o.a.j.t.JMeterThread: Thread is done: Thread Group 1-192
2022-05-26 21:05:18,702 INFO o.a.j.t.JMeterThread: Thread finished: Thread Group 1-192
2022-05-26 21:05:18,705 INFO o.a.j.t.JMeterThread: Thread is done: Thread Group 1-193
2022-05-26 21:05:18,705 INFO o.a.j.t.JMeterThread: Thread finished: Thread Group 1-193
2022-05-26 21:05:18,711 INFO o.a.j.t.JMeterThread: Thread started: Thread Group 1-206
2022-05-26 21:05:18,730 INFO o.a.j.t.JMeterThread: Thread started: Thread Group 1-207
2022-05-26 21:05:18,735 INFO o.a.j.t.JMeterThread: Thread is done: Thread Group 1-194
2022-05-26 21:05:18,735 INFO o.a.j.t.JMeterThread: Thread finished: Thread Group 1-194
2022-05-26 21:05:18,742 INFO o.a.j.t.JMeterThread: Thread is done: Thread Group 1-195
2022-05-26 21:05:18,742 INFO o.a.j.t.JMeterThread: Thread finished: Thread Group 1-195
2022-05-26 21:05:18,747 INFO o.a.j.t.JMeterThread: Thread started: Thread Group 1-208
2022-05-26 21:05:18,758 INFO o.a.j.t.JMeterThread: Thread is done: Thread Group 1-196
2022-05-26 21:05:18,758 INFO o.a.j.t.JMeterThread: Thread finished: Thread Group 1-196
2022-05-26 21:05:18,765 INFO o.a.j.t.JMeterThread: Thread started: Thread Group 1-209
2022-05-26 21:05:18,780 INFO o.a.j.t.JMeterThread: Thread started: Thread Group 1-210
2022-05-26 21:05:18,783 INFO o.a.j.t.JMeterThread: Thread is done: Thread Group 1-197
2022-05-26 21:05:18,783 INFO o.a.j.t.JMeterThread: Thread finished: Thread Group 1-197
2022-05-26 21:05:18,797 INFO o.a.j.t.JMeterThread: Thread started: Thread Group 1-211
2022-05-26 21:05:18,798 INFO o.a.j.t.JMeterThread: Thread is done: Thread Group 1-198
2022-05-26 21:05:18,798 INFO o.a.j.t.JMeterThread: Thread finished: Thread Group 1-198
2022-05-26 21:05:18,810 INFO o.a.j.t.JMeterThread: Thread is done: Thread Group 1-199
2022-05-26 21:05:18,810 INFO o.a.j.t.JMeterThread: Thread finished: Thread Group 1-199
2022-05-26 21:05:18,814 INFO o.a.j.t.JMeterThread: Thread started: Thread Group 1-212
2022-05-26 21:05:18,830 INFO o.a.j.t.JMeterThread: Thread started: Thread Group 1-213
2022-05-26 21:05:18,833 INFO o.a.j.t.JMeterThread: Thread is done: Thread Group 1-200
2022-05-26 21:05:18,833 INFO o.a.j.t.JMeterThread: Thread finished: Thread Group 1-200
2022-05-26 21:05:18,845 INFO o.a.j.t.JMeterThread: Thread started: Thread Group 1-214
2022-05-26 21:05:18,851 INFO o.a.j.t.JMeterThread: Thread is done: Thread Group 1-201
2022-05-26 21:05:18,851 INFO o.a.j.t.JMeterThread: Thread finished: Thread Group 1-201
2022-05-26 21:05:18,864 INFO o.a.j.t.JMeterThread: Thread started: Thread Group 1-215
2022-05-26 21:05:18,865 INFO o.a.j.t.JMeterThread: Thread is done: Thread Group 1-202
2022-05-26 21:05:18,865 INFO o.a.j.t.JMeterThread: Thread finished: Thread Group 1-202
2022-05-26 21:05:18,882 INFO o.a.j.t.JMeterThread: Thread started: Thread Group 1-216
2022-05-26 21:05:18,883 INFO o.a.j.t.JMeterThread: Thread is done: Thread Group 1-203
2022-05-26 21:05:18,883 INFO o.a.j.t.JMeterThread: Thread finished: Thread Group 1-203
2022-05-26 21:05:18,900 INFO o.a.j.t.JMeterThread: Thread started: Thread Group 1-217
2022-05-26 21:05:18,902 INFO o.a.j.t.JMeterThread: Thread is done: Thread Group 1-204
2022-05-26 21:05:18,902 INFO o.a.j.t.JMeterThread: Thread finished: Thread Group 1-204
2022-05-26 21:05:18,914 INFO o.a.j.t.JMeterThread: Thread started: Thread Group 1-218
2022-05-26 21:05:18,915 INFO o.a.j.t.JMeterThread: Thread is done: Thread Group 1-205
2022-05-26 21:05:18,915 INFO o.a.j.t.JMeterThread: Thread finished: Thread Group 1-205
2022-05-26 21:05:18,931 INFO o.a.j.t.JMeterThread: Thread started: Thread Group 1-219
2022-05-26 21:05:18,931 INFO o.a.j.t.JMeterThread: Thread is done: Thread Group 1-206
2022-05-26 21:05:18,932 INFO o.a.j.t.JMeterThread: Thread finished: Thread Group 1-206
2022-05-26 21:05:18,945 INFO o.a.j.t.JMeterThread: Thread is done: Thread Group 1-207
2022-05-26 21:05:18,945 INFO o.a.j.t.JMeterThread: Thread finished: Thread Group 1-207
2022-05-26 21:05:18,947 INFO o.a.j.t.JMeterThread: Thread started: Thread Group 1-220
2022-05-26 21:05:18,961 INFO o.a.j.t.JMeterThread: Thread is done: Thread Group 1-208
2022-05-26 21:05:18,961 INFO o.a.j.t.JMeterThread: Thread finished: Thread Group 1-208
2022-05-26 21:05:18,967 INFO o.a.j.t.JMeterThread: Thread started: Thread Group 1-221
2022-05-26 21:05:18,984 INFO o.a.j.t.JMeterThread: Thread is done: Thread Group 1-209
2022-05-26 21:05:18,984 INFO o.a.j.t.JMeterThread: Thread finished: Thread Group 1-209
2022-05-26 21:05:18,985 INFO o.a.j.t.JMeterThread: Thread started: Thread Group 1-222
2022-05-26 21:05:18,995 INFO o.a.j.t.JMeterThread: Thread is done: Thread Group 1-210
2022-05-26 21:05:18,995 INFO o.a.j.t.JMeterThread: Thread finished: Thread Group 1-210
2022-05-26 21:05:19,000 INFO o.a.j.t.JMeterThread: Thread started: Thread Group 1-223
2022-05-26 21:05:19,009 INFO o.a.j.t.JMeterThread: Thread is done: Thread Group 1-211
2022-05-26 21:05:19,009 INFO o.a.j.t.JMeterThread: Thread finished: Thread Group 1-211
2022-05-26 21:05:19,017 INFO o.a.j.t.JMeterThread: Thread started: Thread Group 1-224
2022-05-26 21:05:19,034 INFO o.a.j.t.JMeterThread: Thread is done: Thread Group 1-212
2022-05-26 21:05:19,034 INFO o.a.j.t.JMeterThread: Thread finished: Thread Group 1-212
2022-05-26 21:05:19,035 INFO o.a.j.t.JMeterThread: Thread started: Thread Group 1-225
2022-05-26 21:05:19,046 INFO o.a.j.t.JMeterThread: Thread is done: Thread Group 1-213
2022-05-26 21:05:19,046 INFO o.a.j.t.JMeterThread: Thread finished: Thread Group 1-213
2022-05-26 21:05:19,053 INFO o.a.j.t.JMeterThread: Thread started: Thread Group 1-226
2022-05-26 21:05:19,069 INFO o.a.j.t.JMeterThread: Thread is done: Thread Group 1-214
2022-05-26 21:05:19,069 INFO o.a.j.t.JMeterThread: Thread finished: Thread Group 1-214
2022-05-26 21:05:19,070 INFO o.a.j.t.JMeterThread: Thread started: Thread Group 1-227
2022-05-26 21:05:19,083 INFO o.a.j.t.JMeterThread: Thread is done: Thread Group 1-215
2022-05-26 21:05:19,083 INFO o.a.j.t.JMeterThread: Thread finished: Thread Group 1-215
2022-05-26 21:05:19,086 INFO o.a.j.t.JMeterThread: Thread started: Thread Group 1-228
2022-05-26 21:05:19,098 INFO o.a.j.t.JMeterThread: Thread is done: Thread Group 1-216
2022-05-26 21:05:19,098 INFO o.a.j.t.JMeterThread: Thread finished: Thread Group 1-216
2022-05-26 21:05:19,099 INFO o.a.j.t.JMeterThread: Thread started: Thread Group 1-229
2022-05-26 21:05:19,118 INFO o.a.j.t.JMeterThread: Thread is done: Thread Group 1-217
2022-05-26 21:05:19,118 INFO o.a.j.t.JMeterThread: Thread finished: Thread Group 1-217
2022-05-26 21:05:19,122 INFO o.a.j.t.JMeterThread: Thread started: Thread Group 1-230
2022-05-26 21:05:19,137 INFO o.a.j.t.JMeterThread: Thread is done: Thread Group 1-218
2022-05-26 21:05:19,137 INFO o.a.j.t.JMeterThread: Thread finished: Thread Group 1-218
2022-05-26 21:05:19,138 INFO o.a.j.t.JMeterThread: Thread started: Thread Group 1-231
2022-05-26 21:05:19,154 INFO o.a.j.t.JMeterThread: Thread started: Thread Group 1-232
2022-05-26 21:05:19,156 INFO o.a.j.t.JMeterThread: Thread is done: Thread Group 1-219
2022-05-26 21:05:19,156 INFO o.a.j.t.JMeterThread: Thread finished: Thread Group 1-219
2022-05-26 21:05:19,163 INFO o.a.j.t.JMeterThread: Thread is done: Thread Group 1-220
2022-05-26 21:05:19,163 INFO o.a.j.t.JMeterThread: Thread finished: Thread Group 1-220
2022-05-26 21:05:19,171 INFO o.a.j.t.JMeterThread: Thread started: Thread Group 1-233
2022-05-26 21:05:19,184 INFO o.a.j.t.JMeterThread: Thread is done: Thread Group 1-221
2022-05-26 21:05:19,184 INFO o.a.j.t.JMeterThread: Thread finished: Thread Group 1-221
2022-05-26 21:05:19,188 INFO o.a.j.t.JMeterThread: Thread started: Thread Group 1-234
2022-05-26 21:05:19,200 INFO o.a.j.t.JMeterThread: Thread is done: Thread Group 1-222
2022-05-26 21:05:19,200 INFO o.a.j.t.JMeterThread: Thread finished: Thread Group 1-222
2022-05-26 21:05:19,205 INFO o.a.j.t.JMeterThread: Thread started: Thread Group 1-235
2022-05-26 21:05:19,212 INFO o.a.j.t.JMeterThread: Thread is done: Thread Group 1-223
2022-05-26 21:05:19,212 INFO o.a.j.t.JMeterThread: Thread finished: Thread Group 1-223
2022-05-26 21:05:19,223 INFO o.a.j.t.JMeterThread: Thread started: Thread Group 1-236
2022-05-26 21:05:19,235 INFO o.a.j.t.JMeterThread: Thread is done: Thread Group 1-224
2022-05-26 21:05:19,235 INFO o.a.j.t.JMeterThread: Thread finished: Thread Group 1-224
2022-05-26 21:05:19,240 INFO o.a.j.t.JMeterThread: Thread started: Thread Group 1-237
2022-05-26 21:05:19,251 INFO o.a.j.t.JMeterThread: Thread is done: Thread Group 1-225
2022-05-26 21:05:19,251 INFO o.a.j.t.JMeterThread: Thread finished: Thread Group 1-225
2022-05-26 21:05:19,256 INFO o.a.j.t.JMeterThread: Thread started: Thread Group 1-238
2022-05-26 21:05:19,268 INFO o.a.j.t.JMeterThread: Thread is done: Thread Group 1-226
2022-05-26 21:05:19,268 INFO o.a.j.t.JMeterThread: Thread finished: Thread Group 1-226
2022-05-26 21:05:19,272 INFO o.a.j.t.JMeterThread: Thread started: Thread Group 1-239
2022-05-26 21:05:19,288 INFO o.a.j.t.JMeterThread: Thread is done: Thread Group 1-227
2022-05-26 21:05:19,288 INFO o.a.j.t.JMeterThread: Thread finished: Thread Group 1-227
2022-05-26 21:05:19,289 INFO o.a.j.t.JMeterThread: Thread started: Thread Group 1-240
2022-05-26 21:05:19,305 INFO o.a.j.t.JMeterThread: Thread started: Thread Group 1-241
2022-05-26 21:05:19,311 INFO o.a.j.t.JMeterThread: Thread is done: Thread Group 1-228
2022-05-26 21:05:19,311 INFO o.a.j.t.JMeterThread: Thread finished: Thread Group 1-228
2022-05-26 21:05:19,316 INFO o.a.j.t.JMeterThread: Thread is done: Thread Group 1-229
2022-05-26 21:05:19,316 INFO o.a.j.t.JMeterThread: Thread finished: Thread Group 1-229
2022-05-26 21:05:19,325 INFO o.a.j.t.JMeterThread: Thread started: Thread Group 1-242
2022-05-26 21:05:19,336 INFO o.a.j.t.JMeterThread: Thread is done: Thread Group 1-230
2022-05-26 21:05:19,336 INFO o.a.j.t.JMeterThread: Thread finished: Thread Group 1-230
2022-05-26 21:05:19,341 INFO o.a.j.t.JMeterThread: Thread started: Thread Group 1-243
2022-05-26 21:05:19,355 INFO o.a.j.t.JMeterThread: Thread is done: Thread Group 1-231
2022-05-26 21:05:19,355 INFO o.a.j.t.JMeterThread: Thread finished: Thread Group 1-231
2022-05-26 21:05:19,356 INFO o.a.j.t.JMeterThread: Thread started: Thread Group 1-244
2022-05-26 21:05:19,369 INFO o.a.j.t.JMeterThread: Thread is done: Thread Group 1-232
2022-05-26 21:05:19,369 INFO o.a.j.t.JMeterThread: Thread finished: Thread Group 1-232
2022-05-26 21:05:19,376 INFO o.a.j.t.JMeterThread: Thread started: Thread Group 1-245
2022-05-26 21:05:19,389 INFO o.a.j.t.JMeterThread: Thread started: Thread Group 1-246
2022-05-26 21:05:19,392 INFO o.a.j.t.JMeterThread: Thread is done: Thread Group 1-233
2022-05-26 21:05:19,392 INFO o.a.j.t.JMeterThread: Thread finished: Thread Group 1-233
2022-05-26 21:05:19,404 INFO o.a.j.t.JMeterThread: Thread is done: Thread Group 1-234
2022-05-26 21:05:19,404 INFO o.a.j.t.JMeterThread: Thread finished: Thread Group 1-234
2022-05-26 21:05:19,409 INFO o.a.j.t.JMeterThread: Thread started: Thread Group 1-247
2022-05-26 21:05:19,423 INFO o.a.j.t.JMeterThread: Thread is done: Thread Group 1-235
2022-05-26 21:05:19,423 INFO o.a.j.t.JMeterThread: Thread finished: Thread Group 1-235
2022-05-26 21:05:19,426 INFO o.a.j.t.JMeterThread: Thread started: Thread Group 1-248
2022-05-26 21:05:19,442 INFO o.a.j.t.JMeterThread: Thread started: Thread Group 1-249
2022-05-26 21:05:19,447 INFO o.a.j.t.JMeterThread: Thread is done: Thread Group 1-236
2022-05-26 21:05:19,447 INFO o.a.j.t.JMeterThread: Thread finished: Thread Group 1-236
2022-05-26 21:05:19,456 INFO o.a.j.t.JMeterThread: Thread is done: Thread Group 1-237
2022-05-26 21:05:19,456 INFO o.a.j.t.JMeterThread: Thread finished: Thread Group 1-237
2022-05-26 21:05:19,458 INFO o.a.j.t.JMeterThread: Thread started: Thread Group 1-250
2022-05-26 21:05:19,467 INFO o.a.j.t.JMeterThread: Thread is done: Thread Group 1-238
2022-05-26 21:05:19,467 INFO o.a.j.t.JMeterThread: Thread finished: Thread Group 1-238
2022-05-26 21:05:19,478 INFO o.a.j.t.JMeterThread: Thread started: Thread Group 1-251
2022-05-26 21:05:19,489 INFO o.a.j.t.JMeterThread: Thread is done: Thread Group 1-239
2022-05-26 21:05:19,489 INFO o.a.j.t.JMeterThread: Thread finished: Thread Group 1-239
2022-05-26 21:05:19,492 INFO o.a.j.t.JMeterThread: Thread started: Thread Group 1-252
2022-05-26 21:05:19,502 INFO o.a.j.t.JMeterThread: Thread is done: Thread Group 1-240
2022-05-26 21:05:19,502 INFO o.a.j.t.JMeterThread: Thread finished: Thread Group 1-240
2022-05-26 21:05:19,512 INFO o.a.j.t.JMeterThread: Thread started: Thread Group 1-253
2022-05-26 21:05:19,523 INFO o.a.j.t.JMeterThread: Thread is done: Thread Group 1-241
2022-05-26 21:05:19,523 INFO o.a.j.t.JMeterThread: Thread finished: Thread Group 1-241
2022-05-26 21:05:19,528 INFO o.a.j.t.JMeterThread: Thread started: Thread Group 1-254
2022-05-26 21:05:19,544 INFO o.a.j.t.JMeterThread: Thread started: Thread Group 1-255
2022-05-26 21:05:19,546 INFO o.a.j.t.JMeterThread: Thread is done: Thread Group 1-242
2022-05-26 21:05:19,546 INFO o.a.j.t.JMeterThread: Thread finished: Thread Group 1-242
2022-05-26 21:05:19,559 INFO o.a.j.t.JMeterThread: Thread is done: Thread Group 1-243
2022-05-26 21:05:19,560 INFO o.a.j.t.JMeterThread: Thread finished: Thread Group 1-243
2022-05-26 21:05:19,564 INFO o.a.j.t.JMeterThread: Thread started: Thread Group 1-256
2022-05-26 21:05:19,570 INFO o.a.j.t.JMeterThread: Thread is done: Thread Group 1-244
2022-05-26 21:05:19,570 INFO o.a.j.t.JMeterThread: Thread finished: Thread Group 1-244
2022-05-26 21:05:19,581 INFO o.a.j.t.JMeterThread: Thread started: Thread Group 1-257
2022-05-26 21:05:19,592 INFO o.a.j.t.JMeterThread: Thread is done: Thread Group 1-245
2022-05-26 21:05:19,592 INFO o.a.j.t.JMeterThread: Thread finished: Thread Group 1-245
2022-05-26 21:05:19,597 INFO o.a.j.t.JMeterThread: Thread started: Thread Group 1-258
2022-05-26 21:05:19,607 INFO o.a.j.t.JMeterThread: Thread is done: Thread Group 1-246
2022-05-26 21:05:19,607 INFO o.a.j.t.JMeterThread: Thread finished: Thread Group 1-246
2022-05-26 21:05:19,614 INFO o.a.j.t.JMeterThread: Thread started: Thread Group 1-259
2022-05-26 21:05:19,624 INFO o.a.j.t.JMeterThread: Thread is done: Thread Group 1-247
2022-05-26 21:05:19,624 INFO o.a.j.t.JMeterThread: Thread finished: Thread Group 1-247
2022-05-26 21:05:19,629 INFO o.a.j.t.JMeterThread: Thread started: Thread Group 1-260
2022-05-26 21:05:19,647 INFO o.a.j.t.JMeterThread: Thread started: Thread Group 1-261
2022-05-26 21:05:19,648 INFO o.a.j.t.JMeterThread: Thread is done: Thread Group 1-248
2022-05-26 21:05:19,649 INFO o.a.j.t.JMeterThread: Thread finished: Thread Group 1-248
2022-05-26 21:05:19,659 INFO o.a.j.t.JMeterThread: Thread is done: Thread Group 1-249
2022-05-26 21:05:19,660 INFO o.a.j.t.JMeterThread: Thread finished: Thread Group 1-249
2022-05-26 21:05:19,664 INFO o.a.j.t.JMeterThread: Thread started: Thread Group 1-262
2022-05-26 21:05:19,674 INFO o.a.j.t.JMeterThread: Thread is done: Thread Group 1-250
2022-05-26 21:05:19,674 INFO o.a.j.t.JMeterThread: Thread finished: Thread Group 1-250
2022-05-26 21:05:19,682 INFO o.a.j.t.JMeterThread: Thread started: Thread Group 1-263
2022-05-26 21:05:19,698 INFO o.a.j.t.JMeterThread: Thread is done: Thread Group 1-251
2022-05-26 21:05:19,698 INFO o.a.j.t.JMeterThread: Thread finished: Thread Group 1-251
2022-05-26 21:05:19,698 INFO o.a.j.t.JMeterThread: Thread started: Thread Group 1-264
2022-05-26 21:05:19,708 INFO o.a.j.t.JMeterThread: Thread is done: Thread Group 1-252
2022-05-26 21:05:19,708 INFO o.a.j.t.JMeterThread: Thread finished: Thread Group 1-252
2022-05-26 21:05:19,714 INFO o.a.j.t.JMeterThread: Thread started: Thread Group 1-265
2022-05-26 21:05:19,731 INFO o.a.j.t.JMeterThread: Thread is done: Thread Group 1-253
2022-05-26 21:05:19,731 INFO o.a.j.t.JMeterThread: Thread finished: Thread Group 1-253
2022-05-26 21:05:19,731 INFO o.a.j.t.JMeterThread: Thread started: Thread Group 1-266
2022-05-26 21:05:19,747 INFO o.a.j.t.JMeterThread: Thread started: Thread Group 1-267
2022-05-26 21:05:19,754 INFO o.a.j.t.JMeterThread: Thread is done: Thread Group 1-254
2022-05-26 21:05:19,754 INFO o.a.j.t.JMeterThread: Thread finished: Thread Group 1-254
2022-05-26 21:05:19,764 INFO o.a.j.t.JMeterThread: Thread started: Thread Group 1-268
2022-05-26 21:05:19,766 INFO o.a.j.t.JMeterThread: Thread is done: Thread Group 1-255
2022-05-26 21:05:19,766 INFO o.a.j.t.JMeterThread: Thread finished: Thread Group 1-255
2022-05-26 21:05:19,781 INFO o.a.j.t.JMeterThread: Thread is done: Thread Group 1-256
2022-05-26 21:05:19,781 INFO o.a.j.t.JMeterThread: Thread finished: Thread Group 1-256
2022-05-26 21:05:19,783 INFO o.a.j.t.JMeterThread: Thread started: Thread Group 1-269
2022-05-26 21:05:19,799 INFO o.a.j.t.JMeterThread: Thread started: Thread Group 1-270
2022-05-26 21:05:19,811 INFO o.a.j.t.JMeterThread: Thread is done: Thread Group 1-257
2022-05-26 21:05:19,811 INFO o.a.j.t.JMeterThread: Thread finished: Thread Group 1-257
2022-05-26 21:05:19,812 INFO o.a.j.t.JMeterThread: Thread is done: Thread Group 1-258
2022-05-26 21:05:19,812 INFO o.a.j.t.JMeterThread: Thread finished: Thread Group 1-258
2022-05-26 21:05:19,816 INFO o.a.j.t.JMeterThread: Thread started: Thread Group 1-271
2022-05-26 21:05:19,832 INFO o.a.j.t.JMeterThread: Thread started: Thread Group 1-272
2022-05-26 21:05:19,832 INFO o.a.j.t.JMeterThread: Thread is done: Thread Group 1-259
2022-05-26 21:05:19,832 INFO o.a.j.t.JMeterThread: Thread finished: Thread Group 1-259
2022-05-26 21:05:19,849 INFO o.a.j.t.JMeterThread: Thread started: Thread Group 1-273
2022-05-26 21:05:19,850 INFO o.a.j.t.JMeterThread: Thread is done: Thread Group 1-260
2022-05-26 21:05:19,850 INFO o.a.j.t.JMeterThread: Thread finished: Thread Group 1-260
2022-05-26 21:05:19,864 INFO o.a.j.t.JMeterThread: Thread started: Thread Group 1-274
2022-05-26 21:05:19,868 INFO o.a.j.t.JMeterThread: Thread is done: Thread Group 1-261
2022-05-26 21:05:19,868 INFO o.a.j.t.JMeterThread: Thread finished: Thread Group 1-261
2022-05-26 21:05:19,884 INFO o.a.j.t.JMeterThread: Thread is done: Thread Group 1-262
2022-05-26 21:05:19,884 INFO o.a.j.t.JMeterThread: Thread finished: Thread Group 1-262
2022-05-26 21:05:19,886 INFO o.a.j.t.JMeterThread: Thread started: Thread Group 1-275
2022-05-26 21:05:19,899 INFO o.a.j.t.JMeterThread: Thread is done: Thread Group 1-263
2022-05-26 21:05:19,899 INFO o.a.j.t.JMeterThread: Thread finished: Thread Group 1-263
2022-05-26 21:05:19,902 INFO o.a.j.t.JMeterThread: Thread started: Thread Group 1-276
2022-05-26 21:05:19,917 INFO o.a.j.t.JMeterThread: Thread started: Thread Group 1-277
2022-05-26 21:05:19,918 INFO o.a.j.t.JMeterThread: Thread is done: Thread Group 1-264
2022-05-26 21:05:19,918 INFO o.a.j.t.JMeterThread: Thread finished: Thread Group 1-264
2022-05-26 21:05:19,933 INFO o.a.j.t.JMeterThread: Thread started: Thread Group 1-278
2022-05-26 21:05:19,935 INFO o.a.j.t.JMeterThread: Thread is done: Thread Group 1-265
2022-05-26 21:05:19,935 INFO o.a.j.t.JMeterThread: Thread finished: Thread Group 1-265
2022-05-26 21:05:19,945 INFO o.a.j.t.JMeterThread: Thread is done: Thread Group 1-266
2022-05-26 21:05:19,945 INFO o.a.j.t.JMeterThread: Thread finished: Thread Group 1-266
2022-05-26 21:05:19,954 INFO o.a.j.t.JMeterThread: Thread started: Thread Group 1-279
2022-05-26 21:05:19,966 INFO o.a.j.t.JMeterThread: Thread is done: Thread Group 1-267
2022-05-26 21:05:19,966 INFO o.a.j.t.JMeterThread: Thread finished: Thread Group 1-267
2022-05-26 21:05:19,971 INFO o.a.j.t.JMeterThread: Thread started: Thread Group 1-280
2022-05-26 21:05:19,983 INFO o.a.j.t.JMeterThread: Thread is done: Thread Group 1-268
2022-05-26 21:05:19,983 INFO o.a.j.t.JMeterThread: Thread finished: Thread Group 1-268
2022-05-26 21:05:19,988 INFO o.a.j.t.JMeterThread: Thread started: Thread Group 1-281
2022-05-26 21:05:20,001 INFO o.a.j.t.JMeterThread: Thread started: Thread Group 1-282
2022-05-26 21:05:20,005 INFO o.a.j.t.JMeterThread: Thread is done: Thread Group 1-269
2022-05-26 21:05:20,005 INFO o.a.j.t.JMeterThread: Thread finished: Thread Group 1-269
2022-05-26 21:05:20,018 INFO o.a.j.t.JMeterThread: Thread is done: Thread Group 1-270
2022-05-26 21:05:20,018 INFO o.a.j.t.JMeterThread: Thread finished: Thread Group 1-270
2022-05-26 21:05:20,022 INFO o.a.j.t.JMeterThread: Thread started: Thread Group 1-283
2022-05-26 21:05:20,035 INFO o.a.j.t.JMeterThread: Thread is done: Thread Group 1-271
2022-05-26 21:05:20,035 INFO o.a.j.t.JMeterThread: Thread finished: Thread Group 1-271
2022-05-26 21:05:20,038 INFO o.a.j.t.JMeterThread: Thread started: Thread Group 1-284
2022-05-26 21:05:20,048 INFO o.a.j.t.JMeterThread: Thread is done: Thread Group 1-272
2022-05-26 21:05:20,048 INFO o.a.j.t.JMeterThread: Thread finished: Thread Group 1-272
2022-05-26 21:05:20,056 INFO o.a.j.t.JMeterThread: Thread started: Thread Group 1-285
2022-05-26 21:05:20,069 INFO o.a.j.t.JMeterThread: Thread is done: Thread Group 1-273
2022-05-26 21:05:20,069 INFO o.a.j.t.JMeterThread: Thread finished: Thread Group 1-273
2022-05-26 21:05:20,071 INFO o.a.j.t.JMeterThread: Thread started: Thread Group 1-286
2022-05-26 21:05:20,083 INFO o.a.j.t.JMeterThread: Thread is done: Thread Group 1-274
2022-05-26 21:05:20,083 INFO o.a.j.t.JMeterThread: Thread finished: Thread Group 1-274
2022-05-26 21:05:20,090 INFO o.a.j.t.JMeterThread: Thread started: Thread Group 1-287
2022-05-26 21:05:20,097 INFO o.a.j.t.JMeterThread: Thread is done: Thread Group 1-275
2022-05-26 21:05:20,097 INFO o.a.j.t.JMeterThread: Thread finished: Thread Group 1-275
2022-05-26 21:05:20,105 INFO o.a.j.t.JMeterThread: Thread started: Thread Group 1-288
2022-05-26 21:05:20,121 INFO o.a.j.t.JMeterThread: Thread started: Thread Group 1-289
2022-05-26 21:05:20,123 INFO o.a.j.t.JMeterThread: Thread is done: Thread Group 1-276
2022-05-26 21:05:20,123 INFO o.a.j.t.JMeterThread: Thread finished: Thread Group 1-276
2022-05-26 21:05:20,131 INFO o.a.j.t.JMeterThread: Thread is done: Thread Group 1-277
2022-05-26 21:05:20,131 INFO o.a.j.t.JMeterThread: Thread finished: Thread Group 1-277
2022-05-26 21:05:20,141 INFO o.a.j.t.JMeterThread: Thread started: Thread Group 1-290
2022-05-26 21:05:20,153 INFO o.a.j.t.JMeterThread: Thread is done: Thread Group 1-278
2022-05-26 21:05:20,153 INFO o.a.j.t.JMeterThread: Thread finished: Thread Group 1-278
2022-05-26 21:05:20,157 INFO o.a.j.t.JMeterThread: Thread started: Thread Group 1-291
2022-05-26 21:05:20,172 INFO o.a.j.t.JMeterThread: Thread is done: Thread Group 1-279
2022-05-26 21:05:20,172 INFO o.a.j.t.JMeterThread: Thread finished: Thread Group 1-279
2022-05-26 21:05:20,172 INFO o.a.j.t.JMeterThread: Thread started: Thread Group 1-292
2022-05-26 21:05:20,189 INFO o.a.j.t.JMeterThread: Thread started: Thread Group 1-293
2022-05-26 21:05:20,192 INFO o.a.j.t.JMeterThread: Thread is done: Thread Group 1-280
2022-05-26 21:05:20,192 INFO o.a.j.t.JMeterThread: Thread finished: Thread Group 1-280
2022-05-26 21:05:20,204 INFO o.a.j.t.JMeterThread: Thread is done: Thread Group 1-281
2022-05-26 21:05:20,205 INFO o.a.j.t.JMeterThread: Thread finished: Thread Group 1-281
2022-05-26 21:05:20,206 INFO o.a.j.t.JMeterThread: Thread started: Thread Group 1-294
2022-05-26 21:05:20,217 INFO o.a.j.t.JMeterThread: Thread is done: Thread Group 1-282
2022-05-26 21:05:20,218 INFO o.a.j.t.JMeterThread: Thread finished: Thread Group 1-282
2022-05-26 21:05:20,226 INFO o.a.j.t.JMeterThread: Thread started: Thread Group 1-295
2022-05-26 21:05:20,242 INFO o.a.j.t.JMeterThread: Thread is done: Thread Group 1-283
2022-05-26 21:05:20,242 INFO o.a.j.t.JMeterThread: Thread finished: Thread Group 1-283
2022-05-26 21:05:20,242 INFO o.a.j.t.JMeterThread: Thread started: Thread Group 1-296
2022-05-26 21:05:20,256 INFO o.a.j.t.JMeterThread: Thread started: Thread Group 1-297
2022-05-26 21:05:20,257 INFO o.a.j.t.JMeterThread: Thread is done: Thread Group 1-284
2022-05-26 21:05:20,257 INFO o.a.j.t.JMeterThread: Thread finished: Thread Group 1-284
2022-05-26 21:05:20,274 INFO o.a.j.t.JMeterThread: Thread started: Thread Group 1-298
2022-05-26 21:05:20,274 INFO o.a.j.t.JMeterThread: Thread is done: Thread Group 1-285
2022-05-26 21:05:20,275 INFO o.a.j.t.JMeterThread: Thread finished: Thread Group 1-285
2022-05-26 21:05:20,285 INFO o.a.j.t.JMeterThread: Thread is done: Thread Group 1-286
2022-05-26 21:05:20,285 INFO o.a.j.t.JMeterThread: Thread finished: Thread Group 1-286
2022-05-26 21:05:20,290 INFO o.a.j.t.JMeterThread: Thread started: Thread Group 1-299
2022-05-26 21:05:20,308 INFO o.a.j.t.JMeterThread: Thread started: Thread Group 1-300
2022-05-26 21:05:20,313 INFO o.a.j.t.JMeterThread: Thread is done: Thread Group 1-287
2022-05-26 21:05:20,314 INFO o.a.j.t.JMeterThread: Thread finished: Thread Group 1-287
2022-05-26 21:05:20,317 INFO o.a.j.t.JMeterThread: Thread is done: Thread Group 1-288
2022-05-26 21:05:20,317 INFO o.a.j.t.JMeterThread: Thread finished: Thread Group 1-288
2022-05-26 21:05:20,334 INFO o.a.j.t.JMeterThread: Thread is done: Thread Group 1-289
2022-05-26 21:05:20,334 INFO o.a.j.t.JMeterThread: Thread finished: Thread Group 1-289
2022-05-26 21:05:20,366 INFO o.a.j.t.JMeterThread: Thread is done: Thread Group 1-290
2022-05-26 21:05:20,367 INFO o.a.j.t.JMeterThread: Thread finished: Thread Group 1-290
2022-05-26 21:05:20,373 INFO o.a.j.t.JMeterThread: Thread is done: Thread Group 1-291
2022-05-26 21:05:20,373 INFO o.a.j.t.JMeterThread: Thread finished: Thread Group 1-291
2022-05-26 21:05:20,400 INFO o.a.j.t.JMeterThread: Thread is done: Thread Group 1-292
2022-05-26 21:05:20,400 INFO o.a.j.t.JMeterThread: Thread finished: Thread Group 1-292
2022-05-26 21:05:20,409 INFO o.a.j.t.JMeterThread: Thread is done: Thread Group 1-293
2022-05-26 21:05:20,409 INFO o.a.j.t.JMeterThread: Thread finished: Thread Group 1-293
2022-05-26 21:05:20,422 INFO o.a.j.t.JMeterThread: Thread is done: Thread Group 1-294
2022-05-26 21:05:20,422 INFO o.a.j.t.JMeterThread: Thread finished: Thread Group 1-294
2022-05-26 21:05:20,445 INFO o.a.j.t.JMeterThread: Thread is done: Thread Group 1-295
2022-05-26 21:05:20,446 INFO o.a.j.t.JMeterThread: Thread finished: Thread Group 1-295
2022-05-26 21:05:20,460 INFO o.a.j.t.JMeterThread: Thread is done: Thread Group 1-296
2022-05-26 21:05:20,460 INFO o.a.j.t.JMeterThread: Thread finished: Thread Group 1-296
2022-05-26 21:05:20,471 INFO o.a.j.t.JMeterThread: Thread is done: Thread Group 1-297
2022-05-26 21:05:20,471 INFO o.a.j.t.JMeterThread: Thread finished: Thread Group 1-297
2022-05-26 21:05:20,495 INFO o.a.j.t.JMeterThread: Thread is done: Thread Group 1-298
2022-05-26 21:05:20,495 INFO o.a.j.t.JMeterThread: Thread finished: Thread Group 1-298
2022-05-26 21:05:20,513 INFO o.a.j.t.JMeterThread: Thread is done: Thread Group 1-299
2022-05-26 21:05:20,514 INFO o.a.j.t.JMeterThread: Thread finished: Thread Group 1-299
2022-05-26 21:05:20,527 INFO o.a.j.t.JMeterThread: Thread is done: Thread Group 1-300
2022-05-26 21:05:20,527 INFO o.a.j.t.JMeterThread: Thread finished: Thread Group 1-300
2022-05-26 21:05:20,527 INFO o.a.j.e.StandardJMeterEngine: Notifying test listeners of end of test
2022-05-26 21:05:20,529 INFO o.a.j.r.Summariser: summary =    300 in 00:00:05 =   56.2/s Avg:   218 Min:   210 Max:   264 Err:     0 (0.00%)
